{"meta": {"format": 3, "version": "7.15.4", "timestamp": "2026-08-27T09:49:49.374587", "branch_coverage": false, "show_contexts": false}, "files": {"compute/domain_packs/__init__.py": {"executed_lines": [2, 15, 16, 17, 19], "summary": {"covered_lines": 5, "num_statements": 5, "percent_covered": 100.0, "percent_covered_display": "100", "missing_lines": 0, "excluded_lines": 0, "percent_statements_covered": 100.0, "percent_statements_covered_display": "100"}, "missing_lines": [], "excluded_lines": [], "functions": {"": {"executed_lines": [2, 15, 16, 17, 19], "summary": {"covered_lines": 5, "num_statements": 5, "percent_covered": 100.0, "percent_covered_display": "100", "missing_lines": 0, "excluded_lines": 0, "percent_statements_covered": 100.0, "percent_statements_covered_display": "100"}, "missing_lines": [], "excluded_lines": [], "start_line": 1}}, "classes": {"": {"executed_lines": [2, 15, 16, 17, 19], "summary": {"covered_lines": 5, "num_statements": 5, "percent_covered": 100.0, "percent_covered_display": "100", "missing_lines": 0, "excluded_lines": 0, "percent_statements_covered": 100.0, "percent_statements_covered_display": "100"}, "missing_lines": [], "excluded_lines": [], "start_line": 1}}}, "compute/domain_packs/ephemeral_pack.py": {"executed_lines": [2, 4, 5, 7, 8, 10, 19, 21, 23, 26, 27, 28, 31, 32, 33, 35, 37, 39, 42, 43, 45, 46, 47, 49, 50, 52, 53, 54, 55, 56, 57, 64, 67, 69, 70, 71, 72, 78, 80, 81, 82, 84, 85, 90, 93, 95, 96, 97, 99, 100, 102, 103, 105, 108, 110, 111, 113, 114, 116, 117, 118, 120, 123, 124, 127, 130, 131, 132, 133, 134, 135, 138, 139, 140, 142, 143, 144, 146, 147, 149, 152, 155, 156, 157, 158, 160, 161, 162, 163, 164, 170, 171, 173, 174, 176, 185, 186, 187, 189, 190, 192, 193, 194, 195, 196, 197, 200, 201, 203, 204, 205, 206, 207, 208, 210, 211, 214, 216, 219, 220, 234, 239, 240, 241, 242, 243, 244, 245, 247, 254, 257, 261, 267, 275, 276, 277, 280], "summary": {"covered_lines": 137, "num_statements": 197, "percent_covered": 69.54314720812182, "percent_covered_display": "70", "missing_lines": 60, "excluded_lines": 0, "percent_statements_covered": 69.54314720812182, "percent_statements_covered_display": "70"}, "missing_lines": [34, 36, 38, 44, 48, 51, 58, 59, 60, 61, 63, 73, 86, 98, 101, 104, 106, 112, 115, 121, 122, 153, 159, 165, 166, 168, 198, 199, 213, 217, 246, 255, 258, 259, 262, 268, 269, 270, 271, 272, 273, 282, 283, 284, 285, 287, 288, 289, 290, 292, 293, 294, 295, 296, 297, 298, 299, 300, 301, 302], "excluded_lines": [], "functions": {"_is_numeric_field": {"executed_lines": [27, 28], "summary": {"covered_lines": 2, "num_statements": 2, "percent_covered": 100.0, "percent_covered_display": "100", "missing_lines": 0, "excluded_lines": 0, "percent_statements_covered": 100.0, "percent_statements_covered_display": "100"}, "missing_lines": [], "excluded_lines": [], "start_line": 26}, "_pydantic_type": {"executed_lines": [32, 33, 35, 37, 39], "summary": {"covered_lines": 5, "num_statements": 8, "percent_covered": 62.5, "percent_covered_display": "62", "missing_lines": 3, "excluded_lines": 0, "percent_statements_covered": 62.5, "percent_statements_covered_display": "62"}, "missing_lines": [34, 36, 38], "excluded_lines": [], "start_line": 31}, "_build_model": {"executed_lines": [43, 45, 46, 47, 49, 50, 52, 53, 54, 55, 56, 57, 64], "summary": {"covered_lines": 13, "num_statements": 21, "percent_covered": 61.904761904761905, "percent_covered_display": "62", "missing_lines": 8, "excluded_lines": 0, "percent_statements_covered": 61.904761904761905, "percent_statements_covered_display": "62"}, "missing_lines": [44, 48, 51, 58, 59, 60, 61, 63], "excluded_lines": [], "start_line": 42}, "sanitize_pack_schemas": {"executed_lines": [69, 70, 71, 72, 78, 80, 81, 82, 84, 85, 90], "summary": {"covered_lines": 11, "num_statements": 13, "percent_covered": 84.61538461538461, "percent_covered_display": "85", "missing_lines": 2, "excluded_lines": 0, "percent_statements_covered": 84.61538461538461, "percent_statements_covered_display": "85"}, "missing_lines": [73, 86], "excluded_lines": [], "start_line": 67}, "build_initial_state": {"executed_lines": [95, 96, 97, 99, 100, 102, 103, 105, 108, 110, 111, 113, 114, 116, 117, 118, 120, 123, 124], "summary": {"covered_lines": 19, "num_statements": 27, "percent_covered": 70.37037037037037, "percent_covered_display": "70", "missing_lines": 8, "excluded_lines": 0, "percent_statements_covered": 70.37037037037037, "percent_statements_covered_display": "70"}, "missing_lines": [98, 101, 104, 106, 112, 115, 121, 122], "excluded_lines": [], "start_line": 93}, "EphemeralDomainPack.__init__": {"executed_lines": [131, 132, 133, 134, 135, 138, 139, 140, 142, 143, 144, 146, 147, 149, 152, 155, 156, 157, 158, 160, 161, 162, 163, 164], "summary": {"covered_lines": 24, "num_statements": 29, "percent_covered": 82.75862068965517, "percent_covered_display": "83", "missing_lines": 5, "excluded_lines": 0, "percent_statements_covered": 82.75862068965517, "percent_statements_covered_display": "83"}, "missing_lines": [153, 159, 165, 166, 168], "excluded_lines": [], "start_line": 130}, "EphemeralDomainPack.state_schema": {"executed_lines": [171], "summary": {"covered_lines": 1, "num_statements": 1, "percent_covered": 100.0, "percent_covered_display": "100", "missing_lines": 0, "excluded_lines": 0, "percent_statements_covered": 100.0, "percent_statements_covered_display": "100"}, "missing_lines": [], "excluded_lines": [], "start_line": 170}, "EphemeralDomainPack.action_schema": {"executed_lines": [174], "summary": {"covered_lines": 1, "num_statements": 1, "percent_covered": 100.0, "percent_covered_display": "100", "missing_lines": 0, "excluded_lines": 0, "percent_statements_covered": 100.0, "percent_statements_covered_display": "100"}, "missing_lines": [], "excluded_lines": [], "start_line": 173}, "EphemeralDomainPack.simulate": {"executed_lines": [185, 186, 187, 189, 190, 192, 193, 194, 195, 196, 197, 200, 201, 203, 204, 205, 206, 207, 208, 210, 211, 214, 216, 219, 220], "summary": {"covered_lines": 25, "num_statements": 29, "percent_covered": 86.20689655172414, "percent_covered_display": "86", "missing_lines": 4, "excluded_lines": 0, "percent_statements_covered": 86.20689655172414, "percent_statements_covered_display": "86"}, "missing_lines": [198, 199, 213, 217], "excluded_lines": [], "start_line": 176}, "EphemeralDomainPack.score": {"executed_lines": [239, 240, 241, 242, 243, 244, 245, 247], "summary": {"covered_lines": 8, "num_statements": 9, "percent_covered": 88.88888888888889, "percent_covered_display": "89", "missing_lines": 1, "excluded_lines": 0, "percent_statements_covered": 88.88888888888889, "percent_statements_covered_display": "89"}, "missing_lines": [246], "excluded_lines": [], "start_line": 234}, "EphemeralDomainPack.feasibility": {"executed_lines": [], "summary": {"covered_lines": 0, "num_statements": 1, "percent_covered": 0.0, "percent_covered_display": "0", "missing_lines": 1, "excluded_lines": 0, "percent_statements_covered": 0.0, "percent_statements_covered_display": "0"}, "missing_lines": [255], "excluded_lines": [], "start_line": 254}, "EphemeralDomainPack.cost_model": {"executed_lines": [], "summary": {"covered_lines": 0, "num_statements": 2, "percent_covered": 0.0, "percent_covered_display": "0", "missing_lines": 2, "excluded_lines": 0, "percent_statements_covered": 0.0, "percent_statements_covered_display": "0"}, "missing_lines": [258, 259], "excluded_lines": [], "start_line": 257}, "EphemeralDomainPack.get_action_ranges": {"executed_lines": [], "summary": {"covered_lines": 0, "num_statements": 1, "percent_covered": 0.0, "percent_covered_display": "0", "missing_lines": 1, "excluded_lines": 0, "percent_statements_covered": 0.0, "percent_statements_covered_display": "0"}, "missing_lines": [262], "excluded_lines": [], "start_line": 261}, "EphemeralDomainPack.get_default_state": {"executed_lines": [], "summary": {"covered_lines": 0, "num_statements": 6, "percent_covered": 0.0, "percent_covered_display": "0", "missing_lines": 6, "excluded_lines": 0, "percent_statements_covered": 0.0, "percent_statements_covered_display": "0"}, "missing_lines": [268, 269, 270, 271, 272, 273], "excluded_lines": [], "start_line": 267}, "EphemeralDomainPack.from_run_spec": {"executed_lines": [277], "summary": {"covered_lines": 1, "num_statements": 1, "percent_covered": 100.0, "percent_covered_display": "100", "missing_lines": 0, "excluded_lines": 0, "percent_statements_covered": 100.0, "percent_statements_covered_display": "100"}, "missing_lines": [], "excluded_lines": [], "start_line": 276}, "load_ephemeral_pack_for_run": {"executed_lines": [], "summary": {"covered_lines": 0, "num_statements": 19, "percent_covered": 0.0, "percent_covered_display": "0", "missing_lines": 19, "excluded_lines": 0, "percent_statements_covered": 0.0, "percent_statements_covered_display": "0"}, "missing_lines": [282, 283, 284, 285, 287, 288, 289, 290, 292, 293, 294, 295, 296, 297, 298, 299, 300, 301, 302], "excluded_lines": [], "start_line": 280}, "": {"executed_lines": [2, 4, 5, 7, 8, 10, 19, 21, 23, 26, 31, 42, 67, 93, 127, 130, 170, 173, 176, 234, 254, 257, 261, 267, 275, 276, 280], "summary": {"covered_lines": 27, "num_statements": 27, "percent_covered": 100.0, "percent_covered_display": "100", "missing_lines": 0, "excluded_lines": 0, "percent_statements_covered": 100.0, "percent_statements_covered_display": "100"}, "missing_lines": [], "excluded_lines": [], "start_line": 1}}, "classes": {"EphemeralDomainPack": {"executed_lines": [131, 132, 133, 134, 135, 138, 139, 140, 142, 143, 144, 146, 147, 149, 152, 155, 156, 157, 158, 160, 161, 162, 163, 164, 171, 174, 185, 186, 187, 189, 190, 192, 193, 194, 195, 196, 197, 200, 201, 203, 204, 205, 206, 207, 208, 210, 211, 214, 216, 219, 220, 239, 240, 241, 242, 243, 244, 245, 247, 277], "summary": {"covered_lines": 60, "num_statements": 80, "percent_covered": 75.0, "percent_covered_display": "75", "missing_lines": 20, "excluded_lines": 0, "percent_statements_covered": 75.0, "percent_statements_covered_display": "75"}, "missing_lines": [153, 159, 165, 166, 168, 198, 199, 213, 217, 246, 255, 258, 259, 262, 268, 269, 270, 271, 272, 273], "excluded_lines": [], "start_line": 127}, "": {"executed_lines": [2, 4, 5, 7, 8, 10, 19, 21, 23, 26, 27, 28, 31, 32, 33, 35, 37, 39, 42, 43, 45, 46, 47, 49, 50, 52, 53, 54, 55, 56, 57, 64, 67, 69, 70, 71, 72, 78, 80, 81, 82, 84, 85, 90, 93, 95, 96, 97, 99, 100, 102, 103, 105, 108, 110, 111, 113, 114, 116, 117, 118, 120, 123, 124, 127, 130, 170, 173, 176, 234, 254, 257, 261, 267, 275, 276, 280], "summary": {"covered_lines": 77, "num_statements": 117, "percent_covered": 65.8119658119658, "percent_covered_display": "66", "missing_lines": 40, "excluded_lines": 0, "percent_statements_covered": 65.8119658119658, "percent_statements_covered_display": "66"}, "missing_lines": [34, 36, 38, 44, 48, 51, 58, 59, 60, 61, 63, 73, 86, 98, 101, 104, 106, 112, 115, 121, 122, 282, 283, 284, 285, 287, 288, 289, 290, 292, 293, 294, 295, 296, 297, 298, 299, 300, 301, 302], "excluded_lines": [], "start_line": 1}}}, "compute/domain_packs/finance_pack/__init__.py": {"executed_lines": [2, 4], "summary": {"covered_lines": 2, "num_statements": 2, "percent_covered": 100.0, "percent_covered_display": "100", "missing_lines": 0, "excluded_lines": 0, "percent_statements_covered": 100.0, "percent_statements_covered_display": "100"}, "missing_lines": [], "excluded_lines": [], "functions": {"": {"executed_lines": [2, 4], "summary": {"covered_lines": 2, "num_statements": 2, "percent_covered": 100.0, "percent_covered_display": "100", "missing_lines": 0, "excluded_lines": 0, "percent_statements_covered": 100.0, "percent_statements_covered_display": "100"}, "missing_lines": [], "excluded_lines": [], "start_line": 1}}, "classes": {"": {"executed_lines": [2, 4], "summary": {"covered_lines": 2, "num_statements": 2, "percent_covered": 100.0, "percent_covered_display": "100", "missing_lines": 0, "excluded_lines": 0, "percent_statements_covered": 100.0, "percent_statements_covered_display": "100"}, "missing_lines": [], "excluded_lines": [], "start_line": 1}}}, "compute/domain_packs/finance_pack/pack.py": {"executed_lines": [2, 3, 4, 5, 7, 8, 10, 20, 23, 25, 26, 27, 30, 33, 36, 41, 44, 46, 49, 51, 52, 53, 54, 55, 57, 60, 61, 73, 74, 75, 76, 85, 87, 88, 90, 91, 93, 101, 104, 110, 111, 112, 113, 116, 117, 119, 121, 131, 134, 139, 142, 145, 151, 154, 155, 156, 158, 160, 162, 168, 171, 173, 174, 176, 179, 180, 182, 184, 205, 258, 297, 310], "summary": {"covered_lines": 72, "num_statements": 121, "percent_covered": 59.50413223140496, "percent_covered_display": "60", "missing_lines": 49, "excluded_lines": 0, "percent_statements_covered": 59.50413223140496, "percent_statements_covered_display": "60"}, "missing_lines": [56, 211, 212, 214, 215, 217, 220, 223, 226, 227, 228, 231, 232, 233, 236, 237, 238, 239, 241, 251, 264, 265, 266, 269, 270, 271, 272, 275, 276, 277, 278, 281, 282, 283, 286, 287, 288, 290, 299, 304, 322, 325, 326, 327, 329, 330, 331, 332, 334], "excluded_lines": [], "functions": {"FinanceActions.weights_sum_to_one": {"executed_lines": [54, 55, 57], "summary": {"covered_lines": 3, "num_statements": 4, "percent_covered": 75.0, "percent_covered_display": "75", "missing_lines": 1, "excluded_lines": 0, "percent_statements_covered": 75.0, "percent_statements_covered_display": "75"}, "missing_lines": [56], "excluded_lines": [], "start_line": 53}, "FinancePack.state_schema": {"executed_lines": [88], "summary": {"covered_lines": 1, "num_statements": 1, "percent_covered": 100.0, "percent_covered_display": "100", "missing_lines": 0, "excluded_lines": 0, "percent_statements_covered": 100.0, "percent_statements_covered_display": "100"}, "missing_lines": [], "excluded_lines": [], "start_line": 87}, "FinancePack.action_schema": {"executed_lines": [91], "summary": {"covered_lines": 1, "num_statements": 1, "percent_covered": 100.0, "percent_covered_display": "100", "missing_lines": 0, "excluded_lines": 0, "percent_statements_covered": 100.0, "percent_statements_covered_display": "100"}, "missing_lines": [], "excluded_lines": [], "start_line": 90}, "FinancePack._generate_returns": {"executed_lines": [101, 104, 110, 111, 112, 113, 116, 117, 119], "summary": {"covered_lines": 9, "num_statements": 9, "percent_covered": 100.0, "percent_covered_display": "100", "missing_lines": 0, "excluded_lines": 0, "percent_statements_covered": 100.0, "percent_statements_covered_display": "100"}, "missing_lines": [], "excluded_lines": [], "start_line": 93}, "FinancePack.simulate": {"executed_lines": [131, 134, 139, 142, 145, 151, 154, 155, 156, 158, 160, 162, 168, 171, 173, 174, 176, 179, 180, 182, 184], "summary": {"covered_lines": 21, "num_statements": 21, "percent_covered": 100.0, "percent_covered_display": "100", "missing_lines": 0, "excluded_lines": 0, "percent_statements_covered": 100.0, "percent_statements_covered_display": "100"}, "missing_lines": [], "excluded_lines": [], "start_line": 121}, "FinancePack.score": {"executed_lines": [], "summary": {"covered_lines": 0, "num_statements": 19, "percent_covered": 0.0, "percent_covered_display": "0", "missing_lines": 19, "excluded_lines": 0, "percent_statements_covered": 0.0, "percent_statements_covered_display": "0"}, "missing_lines": [211, 212, 214, 215, 217, 220, 223, 226, 227, 228, 231, 232, 233, 236, 237, 238, 239, 241, 251], "excluded_lines": [], "start_line": 205}, "FinancePack.feasibility": {"executed_lines": [], "summary": {"covered_lines": 0, "num_statements": 18, "percent_covered": 0.0, "percent_covered_display": "0", "missing_lines": 18, "excluded_lines": 0, "percent_statements_covered": 0.0, "percent_statements_covered_display": "0"}, "missing_lines": [264, 265, 266, 269, 270, 271, 272, 275, 276, 277, 278, 281, 282, 283, 286, 287, 288, 290], "excluded_lines": [], "start_line": 258}, "FinancePack.cost_model": {"executed_lines": [], "summary": {"covered_lines": 0, "num_statements": 2, "percent_covered": 0.0, "percent_covered_display": "0", "missing_lines": 2, "excluded_lines": 0, "percent_statements_covered": 0.0, "percent_statements_covered_display": "0"}, "missing_lines": [299, 304], "excluded_lines": [], "start_line": 297}, "FinancePack.check_leakage": {"executed_lines": [], "summary": {"covered_lines": 0, "num_statements": 9, "percent_covered": 0.0, "percent_covered_display": "0", "missing_lines": 9, "excluded_lines": 0, "percent_statements_covered": 0.0, "percent_statements_covered_display": "0"}, "missing_lines": [322, 325, 326, 327, 329, 330, 331, 332, 334], "excluded_lines": [], "start_line": 310}, "": {"executed_lines": [2, 3, 4, 5, 7, 8, 10, 20, 23, 25, 26, 27, 30, 33, 36, 41, 44, 46, 49, 51, 52, 53, 60, 61, 73, 74, 75, 76, 85, 87, 90, 93, 121, 205, 258, 297, 310], "summary": {"covered_lines": 37, "num_statements": 37, "percent_covered": 100.0, "percent_covered_display": "100", "missing_lines": 0, "excluded_lines": 0, "percent_statements_covered": 100.0, "percent_statements_covered_display": "100"}, "missing_lines": [], "excluded_lines": [], "start_line": 1}}, "classes": {"FinanceState": {"executed_lines": [], "summary": {"covered_lines": 0, "num_statements": 0, "percent_covered": 100.0, "percent_covered_display": "100", "missing_lines": 0, "excluded_lines": 0, "percent_statements_covered": 100.0, "percent_statements_covered_display": "100"}, "missing_lines": [], "excluded_lines": [], "start_line": 23}, "FinanceActions": {"executed_lines": [54, 55, 57], "summary": {"covered_lines": 3, "num_statements": 4, "percent_covered": 75.0, "percent_covered_display": "75", "missing_lines": 1, "excluded_lines": 0, "percent_statements_covered": 75.0, "percent_statements_covered_display": "75"}, "missing_lines": [56], "excluded_lines": [], "start_line": 44}, "FinancePack": {"executed_lines": [88, 91, 101, 104, 110, 111, 112, 113, 116, 117, 119, 131, 134, 139, 142, 145, 151, 154, 155, 156, 158, 160, 162, 168, 171, 173, 174, 176, 179, 180, 182, 184], "summary": {"covered_lines": 32, "num_statements": 80, "percent_covered": 40.0, "percent_covered_display": "40", "missing_lines": 48, "excluded_lines": 0, "percent_statements_covered": 40.0, "percent_statements_covered_display": "40"}, "missing_lines": [211, 212, 214, 215, 217, 220, 223, 226, 227, 228, 231, 232, 233, 236, 237, 238, 239, 241, 251, 264, 265, 266, 269, 270, 271, 272, 275, 276, 277, 278, 281, 282, 283, 286, 287, 288, 290, 299, 304, 322, 325, 326, 327, 329, 330, 331, 332, 334], "excluded_lines": [], "start_line": 61}, "": {"executed_lines": [2, 3, 4, 5, 7, 8, 10, 20, 23, 25, 26, 27, 30, 33, 36, 41, 44, 46, 49, 51, 52, 53, 60, 61, 73, 74, 75, 76, 85, 87, 90, 93, 121, 205, 258, 297, 310], "summary": {"covered_lines": 37, "num_statements": 37, "percent_covered": 100.0, "percent_covered_display": "100", "missing_lines": 0, "excluded_lines": 0, "percent_statements_covered": 100.0, "percent_statements_covered_display": "100"}, "missing_lines": [], "excluded_lines": [], "start_line": 1}}}, "compute/domain_packs/sdk/__init__.py": {"executed_lines": [2, 14, 15, 17], "summary": {"covered_lines": 4, "num_statements": 4, "percent_covered": 100.0, "percent_covered_display": "100", "missing_lines": 0, "excluded_lines": 0, "percent_statements_covered": 100.0, "percent_statements_covered_display": "100"}, "missing_lines": [], "excluded_lines": [], "functions": {"": {"executed_lines": [2, 14, 15, 17], "summary": {"covered_lines": 4, "num_statements": 4, "percent_covered": 100.0, "percent_covered_display": "100", "missing_lines": 0, "excluded_lines": 0, "percent_statements_covered": 100.0, "percent_statements_covered_display": "100"}, "missing_lines": [], "excluded_lines": [], "start_line": 1}}, "classes": {"": {"executed_lines": [2, 14, 15, 17], "summary": {"covered_lines": 4, "num_statements": 4, "percent_covered": 100.0, "percent_covered_display": "100", "missing_lines": 0, "excluded_lines": 0, "percent_statements_covered": 100.0, "percent_statements_covered_display": "100"}, "missing_lines": [], "excluded_lines": [], "start_line": 1}}}, "compute/domain_packs/sdk/base.py": {"executed_lines": [2, 4, 5, 7, 9, 19, 33, 34, 35, 36, 37, 39, 40, 44, 45, 49, 51, 52, 54, 56, 57, 59, 60, 85, 86, 103, 104, 121, 122, 134, 174, 176, 177, 178, 179, 180, 183, 185], "summary": {"covered_lines": 38, "num_statements": 59, "percent_covered": 64.40677966101696, "percent_covered_display": "64", "missing_lines": 21, "excluded_lines": 6, "percent_statements_covered": 64.40677966101696, "percent_statements_covered_display": "64"}, "missing_lines": [141, 142, 144, 146, 147, 149, 151, 152, 153, 154, 156, 157, 159, 160, 166, 169, 170, 172, 181, 182, 187], "excluded_lines": [42, 47, 83, 101, 119, 132], "functions": {"DomainPackBase.state_schema": {"executed_lines": [], "summary": {"covered_lines": 0, "num_statements": 0, "percent_covered": 100.0, "percent_covered_display": "100", "missing_lines": 0, "excluded_lines": 1, "percent_statements_covered": 100.0, "percent_statements_covered_display": "100"}, "missing_lines": [], "excluded_lines": [42], "start_line": 40}, "DomainPackBase.action_schema": {"executed_lines": [], "summary": {"covered_lines": 0, "num_statements": 0, "percent_covered": 100.0, "percent_covered_display": "100", "missing_lines": 0, "excluded_lines": 1, "percent_statements_covered": 100.0, "percent_statements_covered_display": "100"}, "missing_lines": [], "excluded_lines": [47], "start_line": 45}, "DomainPackBase.validate_state": {"executed_lines": [51, 52], "summary": {"covered_lines": 2, "num_statements": 2, "percent_covered": 100.0, "percent_covered_display": "100", "missing_lines": 0, "excluded_lines": 0, "percent_statements_covered": 100.0, "percent_statements_covered_display": "100"}, "missing_lines": [], "excluded_lines": [], "start_line": 49}, "DomainPackBase.validate_actions": {"executed_lines": [56, 57], "summary": {"covered_lines": 2, "num_statements": 2, "percent_covered": 100.0, "percent_covered_display": "100", "missing_lines": 0, "excluded_lines": 0, "percent_statements_covered": 100.0, "percent_statements_covered_display": "100"}, "missing_lines": [], "excluded_lines": [], "start_line": 54}, "DomainPackBase.simulate": {"executed_lines": [], "summary": {"covered_lines": 0, "num_statements": 0, "percent_covered": 100.0, "percent_covered_display": "100", "missing_lines": 0, "excluded_lines": 1, "percent_statements_covered": 100.0, "percent_statements_covered_display": "100"}, "missing_lines": [], "excluded_lines": [83], "start_line": 60}, "DomainPackBase.score": {"executed_lines": [], "summary": {"covered_lines": 0, "num_statements": 0, "percent_covered": 100.0, "percent_covered_display": "100", "missing_lines": 0, "excluded_lines": 1, "percent_statements_covered": 100.0, "percent_statements_covered_display": "100"}, "missing_lines": [], "excluded_lines": [101], "start_line": 86}, "DomainPackBase.feasibility": {"executed_lines": [], "summary": {"covered_lines": 0, "num_statements": 0, "percent_covered": 100.0, "percent_covered_display": "100", "missing_lines": 0, "excluded_lines": 1, "percent_statements_covered": 100.0, "percent_statements_covered_display": "100"}, "missing_lines": [], "excluded_lines": [119], "start_line": 104}, "DomainPackBase.cost_model": {"executed_lines": [], "summary": {"covered_lines": 0, "num_statements": 0, "percent_covered": 100.0, "percent_covered_display": "100", "missing_lines": 0, "excluded_lines": 1, "percent_statements_covered": 100.0, "percent_statements_covered_display": "100"}, "missing_lines": [], "excluded_lines": [132], "start_line": 122}, "DomainPackBase.get_action_ranges": {"executed_lines": [], "summary": {"covered_lines": 0, "num_statements": 18, "percent_covered": 0.0, "percent_covered_display": "0", "missing_lines": 18, "excluded_lines": 0, "percent_statements_covered": 0.0, "percent_statements_covered_display": "0"}, "missing_lines": [141, 142, 144, 146, 147, 149, 151, 152, 153, 154, 156, 157, 159, 160, 166, 169, 170, 172], "excluded_lines": [], "start_line": 134}, "DomainPackBase.get_default_state": {"executed_lines": [176, 177, 178, 179, 180, 183], "summary": {"covered_lines": 6, "num_statements": 8, "percent_covered": 75.0, "percent_covered_display": "75", "missing_lines": 2, "excluded_lines": 0, "percent_statements_covered": 75.0, "percent_statements_covered_display": "75"}, "missing_lines": [181, 182], "excluded_lines": [], "start_line": 174}, "DomainPackBase.get_metrics_list": {"executed_lines": [], "summary": {"covered_lines": 0, "num_statements": 1, "percent_covered": 0.0, "percent_covered_display": "0", "missing_lines": 1, "excluded_lines": 0, "percent_statements_covered": 0.0, "percent_statements_covered_display": "0"}, "missing_lines": [187], "excluded_lines": [], "start_line": 185}, "": {"executed_lines": [2, 4, 5, 7, 9, 19, 33, 34, 35, 36, 37, 39, 40, 44, 45, 49, 54, 59, 60, 85, 86, 103, 104, 121, 122, 134, 174, 185], "summary": {"covered_lines": 28, "num_statements": 28, "percent_covered": 100.0, "percent_covered_display": "100", "missing_lines": 0, "excluded_lines": 0, "percent_statements_covered": 100.0, "percent_statements_covered_display": "100"}, "missing_lines": [], "excluded_lines": [], "start_line": 1}}, "classes": {"DomainPackBase": {"executed_lines": [51, 52, 56, 57, 176, 177, 178, 179, 180, 183], "summary": {"covered_lines": 10, "num_statements": 31, "percent_covered": 32.25806451612903, "percent_covered_display": "32", "missing_lines": 21, "excluded_lines": 6, "percent_statements_covered": 32.25806451612903, "percent_statements_covered_display": "32"}, "missing_lines": [141, 142, 144, 146, 147, 149, 151, 152, 153, 154, 156, 157, 159, 160, 166, 169, 170, 172, 181, 182, 187], "excluded_lines": [42, 47, 83, 101, 119, 132], "start_line": 19}, "": {"executed_lines": [2, 4, 5, 7, 9, 19, 33, 34, 35, 36, 37, 39, 40, 44, 45, 49, 54, 59, 60, 85, 86, 103, 104, 121, 122, 134, 174, 185], "summary": {"covered_lines": 28, "num_statements": 28, "percent_covered": 100.0, "percent_covered_display": "100", "missing_lines": 0, "excluded_lines": 0, "percent_statements_covered": 100.0, "percent_statements_covered_display": "100"}, "missing_lines": [], "excluded_lines": [], "start_line": 1}}}, "compute/domain_packs/sdk/registry.py": {"executed_lines": [2, 4, 10, 20, 21, 23, 24, 40, 41, 44, 47, 48, 49, 51, 53, 54, 65, 68, 70, 71, 86, 87, 88, 89, 91, 92, 94, 96, 97, 102, 103, 117, 118], "summary": {"covered_lines": 33, "num_statements": 43, "percent_covered": 76.74418604651163, "percent_covered_display": "77", "missing_lines": 10, "excluded_lines": 2, "percent_statements_covered": 76.74418604651163, "percent_statements_covered_display": "77"}, "missing_lines": [66, 67, 99, 100, 105, 106, 107, 109, 120, 121], "excluded_lines": [6, 7], "functions": {"DomainPackRegistry.register": {"executed_lines": [40, 41, 44, 47, 48, 49, 51], "summary": {"covered_lines": 7, "num_statements": 7, "percent_covered": 100.0, "percent_covered_display": "100", "missing_lines": 0, "excluded_lines": 0, "percent_statements_covered": 100.0, "percent_statements_covered_display": "100"}, "missing_lines": [], "excluded_lines": [], "start_line": 24}, "DomainPackRegistry.get": {"executed_lines": [65, 68], "summary": {"covered_lines": 2, "num_statements": 4, "percent_covered": 50.0, "percent_covered_display": "50", "missing_lines": 2, "excluded_lines": 0, "percent_statements_covered": 50.0, "percent_statements_covered_display": "50"}, "missing_lines": [66, 67], "excluded_lines": [], "start_line": 54}, "DomainPackRegistry.create_instance": {"executed_lines": [86, 87, 88, 89], "summary": {"covered_lines": 4, "num_statements": 4, "percent_covered": 100.0, "percent_covered_display": "100", "missing_lines": 0, "excluded_lines": 0, "percent_statements_covered": 100.0, "percent_statements_covered_display": "100"}, "missing_lines": [], "excluded_lines": [], "start_line": 71}, "DomainPackRegistry.list_packs": {"executed_lines": [94], "summary": {"covered_lines": 1, "num_statements": 1, "percent_covered": 100.0, "percent_covered_display": "100", "missing_lines": 0, "excluded_lines": 0, "percent_statements_covered": 100.0, "percent_statements_covered_display": "100"}, "missing_lines": [], "excluded_lines": [], "start_line": 92}, "DomainPackRegistry.list_versions": {"executed_lines": [], "summary": {"covered_lines": 0, "num_statements": 2, "percent_covered": 0.0, "percent_covered_display": "0", "missing_lines": 2, "excluded_lines": 0, "percent_statements_covered": 0.0, "percent_statements_covered_display": "0"}, "missing_lines": [99, 100], "excluded_lines": [], "start_line": 97}, "DomainPackRegistry.get_pack_info": {"executed_lines": [], "summary": {"covered_lines": 0, "num_statements": 4, "percent_covered": 0.0, "percent_covered_display": "0", "missing_lines": 4, "excluded_lines": 0, "percent_statements_covered": 0.0, "percent_statements_covered_display": "0"}, "missing_lines": [105, 106, 107, 109], "excluded_lines": [], "start_line": 103}, "DomainPackRegistry.clear": {"executed_lines": [], "summary": {"covered_lines": 0, "num_statements": 2, "percent_covered": 0.0, "percent_covered_display": "0", "missing_lines": 2, "excluded_lines": 0, "percent_statements_covered": 0.0, "percent_statements_covered_display": "0"}, "missing_lines": [120, 121], "excluded_lines": [], "start_line": 118}, "": {"executed_lines": [2, 4, 10, 20, 21, 23, 24, 53, 54, 70, 71, 91, 92, 96, 97, 102, 103, 117, 118], "summary": {"covered_lines": 19, "num_statements": 19, "percent_covered": 100.0, "percent_covered_display": "100", "missing_lines": 0, "excluded_lines": 2, "percent_statements_covered": 100.0, "percent_statements_covered_display": "100"}, "missing_lines": [], "excluded_lines": [6, 7], "start_line": 1}}, "classes": {"DomainPackRegistry": {"executed_lines": [40, 41, 44, 47, 48, 49, 51, 65, 68, 86, 87, 88, 89, 94], "summary": {"covered_lines": 14, "num_statements": 24, "percent_covered": 58.333333333333336, "percent_covered_display": "58", "missing_lines": 10, "excluded_lines": 0, "percent_statements_covered": 58.333333333333336, "percent_statements_covered_display": "58"}, "missing_lines": [66, 67, 99, 100, 105, 106, 107, 109, 120, 121], "excluded_lines": [], "start_line": 10}, "": {"executed_lines": [2, 4, 10, 20, 21, 23, 24, 53, 54, 70, 71, 91, 92, 96, 97, 102, 103, 117, 118], "summary": {"covered_lines": 19, "num_statements": 19, "percent_covered": 100.0, "percent_covered_display": "100", "missing_lines": 0, "excluded_lines": 2, "percent_statements_covered": 100.0, "percent_statements_covered_display": "100"}, "missing_lines": [], "excluded_lines": [6, 7], "start_line": 1}}}, "compute/domain_packs/sdk/types.py": {"executed_lines": [2, 4, 5, 7, 10, 12, 13, 14, 17, 19, 20, 21, 22, 25, 27, 28, 29, 30, 31, 32, 33, 34, 35, 36, 37, 38, 41, 43, 44, 45, 46, 47, 48, 51, 53, 54, 55, 56, 57, 58, 59, 60, 61, 62, 65, 67, 68, 69, 70, 73, 75, 76, 77, 78, 81, 83, 84, 85, 86, 87, 90, 92, 93, 94, 95, 96, 97, 98, 101, 103, 104, 105, 106, 107, 108, 109, 110, 111, 112, 114], "summary": {"covered_lines": 80, "num_statements": 81, "percent_covered": 98.76543209876543, "percent_covered_display": "99", "missing_lines": 1, "excluded_lines": 0, "percent_statements_covered": 98.76543209876543, "percent_statements_covered_display": "99"}, "missing_lines": [116], "excluded_lines": [], "functions": {"ObjectiveSpec.to_dict": {"executed_lines": [], "summary": {"covered_lines": 0, "num_statements": 1, "percent_covered": 0.0, "percent_covered_display": "0", "missing_lines": 1, "excluded_lines": 0, "percent_statements_covered": 0.0, "percent_statements_covered_display": "0"}, "missing_lines": [116], "excluded_lines": [], "start_line": 114}, "": {"executed_lines": [2, 4, 5, 7, 10, 12, 13, 14, 17, 19, 20, 21, 22, 25, 27, 28, 29, 30, 31, 32, 33, 34, 35, 36, 37, 38, 41, 43, 44, 45, 46, 47, 48, 51, 53, 54, 55, 56, 57, 58, 59, 60, 61, 62, 65, 67, 68, 69, 70, 73, 75, 76, 77, 78, 81, 83, 84, 85, 86, 87, 90, 92, 93, 94, 95, 96, 97, 98, 101, 103, 104, 105, 106, 107, 108, 109, 110, 111, 112, 114], "summary": {"covered_lines": 80, "num_statements": 80, "percent_covered": 100.0, "percent_covered_display": "100", "missing_lines": 0, "excluded_lines": 0, "percent_statements_covered": 100.0, "percent_statements_covered_display": "100"}, "missing_lines": [], "excluded_lines": [], "start_line": 1}}, "classes": {"Fidelity": {"executed_lines": [], "summary": {"covered_lines": 0, "num_statements": 0, "percent_covered": 100.0, "percent_covered_display": "100", "missing_lines": 0, "excluded_lines": 0, "percent_statements_covered": 100.0, "percent_statements_covered_display": "100"}, "missing_lines": [], "excluded_lines": [], "start_line": 10}, "MetricValue": {"executed_lines": [], "summary": {"covered_lines": 0, "num_statements": 0, "percent_covered": 100.0, "percent_covered_display": "100", "missing_lines": 0, "excluded_lines": 0, "percent_statements_covered": 100.0, "percent_statements_covered_display": "100"}, "missing_lines": [], "excluded_lines": [], "start_line": 17}, "OutcomeBundle": {"executed_lines": [], "summary": {"covered_lines": 0, "num_statements": 0, "percent_covered": 100.0, "percent_covered_display": "100", "missing_lines": 0, "excluded_lines": 0, "percent_statements_covered": 100.0, "percent_statements_covered_display": "100"}, "missing_lines": [], "excluded_lines": [], "start_line": 25}, "MetricBundle": {"executed_lines": [], "summary": {"covered_lines": 0, "num_statements": 0, "percent_covered": 100.0, "percent_covered_display": "100", "missing_lines": 0, "excluded_lines": 0, "percent_statements_covered": 100.0, "percent_statements_covered_display": "100"}, "missing_lines": [], "excluded_lines": [], "start_line": 41}, "UncertaintyBundle": {"executed_lines": [], "summary": {"covered_lines": 0, "num_statements": 0, "percent_covered": 100.0, "percent_covered_display": "100", "missing_lines": 0, "excluded_lines": 0, "percent_statements_covered": 100.0, "percent_statements_covered_display": "100"}, "missing_lines": [], "excluded_lines": [], "start_line": 51}, "FeasibilityResult": {"executed_lines": [], "summary": {"covered_lines": 0, "num_statements": 0, "percent_covered": 100.0, "percent_covered_display": "100", "missing_lines": 0, "excluded_lines": 0, "percent_statements_covered": 100.0, "percent_statements_covered_display": "100"}, "missing_lines": [], "excluded_lines": [], "start_line": 65}, "CostEstimate": {"executed_lines": [], "summary": {"covered_lines": 0, "num_statements": 0, "percent_covered": 100.0, "percent_covered_display": "100", "missing_lines": 0, "excluded_lines": 0, "percent_statements_covered": 100.0, "percent_statements_covered_display": "100"}, "missing_lines": [], "excluded_lines": [], "start_line": 73}, "ObjectiveMetric": {"executed_lines": [], "summary": {"covered_lines": 0, "num_statements": 0, "percent_covered": 100.0, "percent_covered_display": "100", "missing_lines": 0, "excluded_lines": 0, "percent_statements_covered": 100.0, "percent_statements_covered_display": "100"}, "missing_lines": [], "excluded_lines": [], "start_line": 81}, "Constraint": {"executed_lines": [], "summary": {"covered_lines": 0, "num_statements": 0, "percent_covered": 100.0, "percent_covered_display": "100", "missing_lines": 0, "excluded_lines": 0, "percent_statements_covered": 100.0, "percent_statements_covered_display": "100"}, "missing_lines": [], "excluded_lines": [], "start_line": 90}, "ObjectiveSpec": {"executed_lines": [], "summary": {"covered_lines": 0, "num_statements": 1, "percent_covered": 0.0, "percent_covered_display": "0", "missing_lines": 1, "excluded_lines": 0, "percent_statements_covered": 0.0, "percent_statements_covered_display": "0"}, "missing_lines": [116], "excluded_lines": [], "start_line": 101}, "": {"executed_lines": [2, 4, 5, 7, 10, 12, 13, 14, 17, 19, 20, 21, 22, 25, 27, 28, 29, 30, 31, 32, 33, 34, 35, 36, 37, 38, 41, 43, 44, 45, 46, 47, 48, 51, 53, 54, 55, 56, 57, 58, 59, 60, 61, 62, 65, 67, 68, 69, 70, 73, 75, 76, 77, 78, 81, 83, 84, 85, 86, 87, 90, 92, 93, 94, 95, 96, 97, 98, 101, 103, 104, 105, 106, 107, 108, 109, 110, 111, 112, 114], "summary": {"covered_lines": 80, "num_statements": 80, "percent_covered": 100.0, "percent_covered_display": "100", "missing_lines": 0, "excluded_lines": 0, "percent_statements_covered": 100.0, "percent_statements_covered_display": "100"}, "missing_lines": [], "excluded_lines": [], "start_line": 1}}}, "compute/domain_packs/spatial_pack/__init__.py": {"executed_lines": [2, 4], "summary": {"covered_lines": 2, "num_statements": 2, "percent_covered": 100.0, "percent_covered_display": "100", "missing_lines": 0, "excluded_lines": 0, "percent_statements_covered": 100.0, "percent_statements_covered_display": "100"}, "missing_lines": [], "excluded_lines": [], "functions": {"": {"executed_lines": [2, 4], "summary": {"covered_lines": 2, "num_statements": 2, "percent_covered": 100.0, "percent_covered_display": "100", "missing_lines": 0, "excluded_lines": 0, "percent_statements_covered": 100.0, "percent_statements_covered_display": "100"}, "missing_lines": [], "excluded_lines": [], "start_line": 1}}, "classes": {"": {"executed_lines": [2, 4], "summary": {"covered_lines": 2, "num_statements": 2, "percent_covered": 100.0, "percent_covered_display": "100", "missing_lines": 0, "excluded_lines": 0, "percent_statements_covered": 100.0, "percent_statements_covered_display": "100"}, "missing_lines": [], "excluded_lines": [], "start_line": 1}}}, "compute/domain_packs/spatial_pack/pack.py": {"executed_lines": [2, 3, 5, 6, 8, 18, 21, 23, 24, 25, 26, 29, 31, 34, 35, 36, 37, 40, 43, 44, 45, 48, 50, 56, 62, 63, 77, 78, 79, 80, 89, 91, 92, 94, 95, 97, 103, 105, 106, 108, 109, 110, 111, 112, 113, 115, 117, 125, 126, 129, 130, 132, 133, 134, 135, 136, 139, 142, 143, 145, 148, 150, 154, 157, 160, 162, 164, 174, 176, 179, 185, 188, 200, 203, 206, 213, 219, 221, 222, 223, 226, 227, 234, 235, 236, 237, 238, 244, 247, 249, 272, 321, 351, 369], "summary": {"covered_lines": 94, "num_statements": 154, "percent_covered": 61.03896103896104, "percent_covered_display": "61", "missing_lines": 60, "excluded_lines": 0, "percent_statements_covered": 61.03896103896104, "percent_statements_covered_display": "61"}, "missing_lines": [144, 146, 149, 151, 239, 241, 242, 278, 279, 280, 282, 285, 286, 287, 290, 291, 292, 295, 298, 300, 311, 313, 327, 328, 329, 332, 333, 334, 335, 336, 337, 338, 341, 342, 344, 353, 358, 363, 385, 386, 387, 389, 391, 392, 393, 395, 396, 397, 398, 400, 401, 402, 403, 405, 406, 407, 409, 411, 414, 416], "excluded_lines": [], "functions": {"SpatialPack.state_schema": {"executed_lines": [92], "summary": {"covered_lines": 1, "num_statements": 1, "percent_covered": 100.0, "percent_covered_display": "100", "missing_lines": 0, "excluded_lines": 0, "percent_statements_covered": 100.0, "percent_statements_covered_display": "100"}, "missing_lines": [], "excluded_lines": [], "start_line": 91}, "SpatialPack.action_schema": {"executed_lines": [95], "summary": {"covered_lines": 1, "num_statements": 1, "percent_covered": 100.0, "percent_covered_display": "100", "missing_lines": 0, "excluded_lines": 0, "percent_statements_covered": 100.0, "percent_statements_covered_display": "100"}, "missing_lines": [], "excluded_lines": [], "start_line": 94}, "SpatialPack._initialize_grid": {"executed_lines": [103, 105, 106, 108, 109, 110, 111, 112, 113, 115], "summary": {"covered_lines": 10, "num_statements": 10, "percent_covered": 100.0, "percent_covered_display": "100", "missing_lines": 0, "excluded_lines": 0, "percent_statements_covered": 100.0, "percent_statements_covered_display": "100"}, "missing_lines": [], "excluded_lines": [], "start_line": 97}, "SpatialPack._diffusion_step": {"executed_lines": [125, 126, 129, 130, 132, 133, 134, 135, 136, 139, 142, 143, 145, 148, 150, 154, 157, 160, 162], "summary": {"covered_lines": 19, "num_statements": 23, "percent_covered": 82.6086956521739, "percent_covered_display": "83", "missing_lines": 4, "excluded_lines": 0, "percent_statements_covered": 82.6086956521739, "percent_statements_covered_display": "83"}, "missing_lines": [144, 146, 149, 151], "excluded_lines": [], "start_line": 117}, "SpatialPack.simulate": {"executed_lines": [174, 176, 179, 185, 188, 200, 203, 206, 213, 219, 221, 222, 223, 226, 227, 234, 235, 236, 237, 238, 244, 247, 249], "summary": {"covered_lines": 23, "num_statements": 26, "percent_covered": 88.46153846153847, "percent_covered_display": "88", "missing_lines": 3, "excluded_lines": 0, "percent_statements_covered": 88.46153846153847, "percent_statements_covered_display": "88"}, "missing_lines": [239, 241, 242], "excluded_lines": [], "start_line": 164}, "SpatialPack.score": {"executed_lines": [], "summary": {"covered_lines": 0, "num_statements": 15, "percent_covered": 0.0, "percent_covered_display": "0", "missing_lines": 15, "excluded_lines": 0, "percent_statements_covered": 0.0, "percent_statements_covered_display": "0"}, "missing_lines": [278, 279, 280, 282, 285, 286, 287, 290, 291, 292, 295, 298, 300, 311, 313], "excluded_lines": [], "start_line": 272}, "SpatialPack.feasibility": {"executed_lines": [], "summary": {"covered_lines": 0, "num_statements": 13, "percent_covered": 0.0, "percent_covered_display": "0", "missing_lines": 13, "excluded_lines": 0, "percent_statements_covered": 0.0, "percent_statements_covered_display": "0"}, "missing_lines": [327, 328, 329, 332, 333, 334, 335, 336, 337, 338, 341, 342, 344], "excluded_lines": [], "start_line": 321}, "SpatialPack.cost_model": {"executed_lines": [], "summary": {"covered_lines": 0, "num_statements": 3, "percent_covered": 0.0, "percent_covered_display": "0", "missing_lines": 3, "excluded_lines": 0, "percent_statements_covered": 0.0, "percent_statements_covered_display": "0"}, "missing_lines": [353, 358, 363], "excluded_lines": [], "start_line": 351}, "SpatialPack.generate_masked_heatmap": {"executed_lines": [], "summary": {"covered_lines": 0, "num_statements": 22, "percent_covered": 0.0, "percent_covered_display": "0", "missing_lines": 22, "excluded_lines": 0, "percent_statements_covered": 0.0, "percent_statements_covered_display": "0"}, "missing_lines": [385, 386, 387, 389, 391, 392, 393, 395, 396, 397, 398, 400, 401, 402, 403, 405, 406, 407, 409, 411, 414, 416], "excluded_lines": [], "start_line": 369}, "": {"executed_lines": [2, 3, 5, 6, 8, 18, 21, 23, 24, 25, 26, 29, 31, 34, 35, 36, 37, 40, 43, 44, 45, 48, 50, 56, 62, 63, 77, 78, 79, 80, 89, 91, 94, 97, 117, 164, 272, 321, 351, 369], "summary": {"covered_lines": 40, "num_statements": 40, "percent_covered": 100.0, "percent_covered_display": "100", "missing_lines": 0, "excluded_lines": 0, "percent_statements_covered": 100.0, "percent_statements_covered_display": "100"}, "missing_lines": [], "excluded_lines": [], "start_line": 1}}, "classes": {"GridSource": {"executed_lines": [], "summary": {"covered_lines": 0, "num_statements": 0, "percent_covered": 100.0, "percent_covered_display": "100", "missing_lines": 0, "excluded_lines": 0, "percent_statements_covered": 100.0, "percent_statements_covered_display": "100"}, "missing_lines": [], "excluded_lines": [], "start_line": 21}, "SpatialState": {"executed_lines": [], "summary": {"covered_lines": 0, "num_statements": 0, "percent_covered": 100.0, "percent_covered_display": "100", "missing_lines": 0, "excluded_lines": 0, "percent_statements_covered": 100.0, "percent_statements_covered_display": "100"}, "missing_lines": [], "excluded_lines": [], "start_line": 29}, "SpatialActions": {"executed_lines": [], "summary": {"covered_lines": 0, "num_statements": 0, "percent_covered": 100.0, "percent_covered_display": "100", "missing_lines": 0, "excluded_lines": 0, "percent_statements_covered": 100.0, "percent_statements_covered_display": "100"}, "missing_lines": [], "excluded_lines": [], "start_line": 48}, "SpatialPack": {"executed_lines": [92, 95, 103, 105, 106, 108, 109, 110, 111, 112, 113, 115, 125, 126, 129, 130, 132, 133, 134, 135, 136, 139, 142, 143, 145, 148, 150, 154, 157, 160, 162, 174, 176, 179, 185, 188, 200, 203, 206, 213, 219, 221, 222, 223, 226, 227, 234, 235, 236, 237, 238, 244, 247, 249], "summary": {"covered_lines": 54, "num_statements": 114, "percent_covered": 47.36842105263158, "percent_covered_display": "47", "missing_lines": 60, "excluded_lines": 0, "percent_statements_covered": 47.36842105263158, "percent_statements_covered_display": "47"}, "missing_lines": [144, 146, 149, 151, 239, 241, 242, 278, 279, 280, 282, 285, 286, 287, 290, 291, 292, 295, 298, 300, 311, 313, 327, 328, 329, 332, 333, 334, 335, 336, 337, 338, 341, 342, 344, 353, 358, 363, 385, 386, 387, 389, 391, 392, 393, 395, 396, 397, 398, 400, 401, 402, 403, 405, 406, 407, 409, 411, 414, 416], "excluded_lines": [], "start_line": 63}, "": {"executed_lines": [2, 3, 5, 6, 8, 18, 21, 23, 24, 25, 26, 29, 31, 34, 35, 36, 37, 40, 43, 44, 45, 48, 50, 56, 62, 63, 77, 78, 79, 80, 89, 91, 94, 97, 117, 164, 272, 321, 351, 369], "summary": {"covered_lines": 40, "num_statements": 40, "percent_covered": 100.0, "percent_covered_display": "100", "missing_lines": 0, "excluded_lines": 0, "percent_statements_covered": 100.0, "percent_statements_covered_display": "100"}, "missing_lines": [], "excluded_lines": [], "start_line": 1}}}, "compute/domain_packs/toy_pack/__init__.py": {"executed_lines": [2, 4], "summary": {"covered_lines": 2, "num_statements": 2, "percent_covered": 100.0, "percent_covered_display": "100", "missing_lines": 0, "excluded_lines": 0, "percent_statements_covered": 100.0, "percent_statements_covered_display": "100"}, "missing_lines": [], "excluded_lines": [], "functions": {"": {"executed_lines": [2, 4], "summary": {"covered_lines": 2, "num_statements": 2, "percent_covered": 100.0, "percent_covered_display": "100", "missing_lines": 0, "excluded_lines": 0, "percent_statements_covered": 100.0, "percent_statements_covered_display": "100"}, "missing_lines": [], "excluded_lines": [], "start_line": 1}}, "classes": {"": {"executed_lines": [2, 4], "summary": {"covered_lines": 2, "num_statements": 2, "percent_covered": 100.0, "percent_covered_display": "100", "missing_lines": 0, "excluded_lines": 0, "percent_statements_covered": 100.0, "percent_statements_covered_display": "100"}, "missing_lines": [], "excluded_lines": [], "start_line": 1}}}, "compute/domain_packs/toy_pack/pack.py": {"executed_lines": [2, 3, 4, 6, 7, 9, 19, 22, 24, 25, 26, 27, 28, 31, 33, 34, 35, 38, 39, 50, 51, 52, 53, 54, 56, 57, 59, 60, 62, 72, 73, 76, 81, 84, 89, 92, 93, 94, 97, 98, 99, 101, 103, 104, 107, 108, 111, 113, 116, 117, 124, 129, 133, 135, 162, 168, 169, 171, 172, 173, 176, 177, 180, 181, 183, 191, 198, 204, 205, 206, 209, 213, 214, 219, 222, 229, 231, 236, 241, 247], "summary": {"covered_lines": 80, "num_statements": 85, "percent_covered": 94.11764705882354, "percent_covered_display": "94", "missing_lines": 5, "excluded_lines": 0, "percent_statements_covered": 94.11764705882354, "percent_statements_covered_display": "94"}, "missing_lines": [210, 215, 216, 220, 249], "excluded_lines": [], "functions": {"ToyPack.state_schema": {"executed_lines": [57], "summary": {"covered_lines": 1, "num_statements": 1, "percent_covered": 100.0, "percent_covered_display": "100", "missing_lines": 0, "excluded_lines": 0, "percent_statements_covered": 100.0, "percent_statements_covered_display": "100"}, "missing_lines": [], "excluded_lines": [], "start_line": 56}, "ToyPack.action_schema": {"executed_lines": [60], "summary": {"covered_lines": 1, "num_statements": 1, "percent_covered": 100.0, "percent_covered_display": "100", "missing_lines": 0, "excluded_lines": 0, "percent_statements_covered": 100.0, "percent_statements_covered_display": "100"}, "missing_lines": [], "excluded_lines": [], "start_line": 59}, "ToyPack.simulate": {"executed_lines": [72, 73, 76, 81, 84, 89, 92, 93, 94, 97, 98, 99, 101, 103, 104, 107, 108, 111, 113, 116, 117, 124, 129, 133, 135], "summary": {"covered_lines": 25, "num_statements": 25, "percent_covered": 100.0, "percent_covered_display": "100", "missing_lines": 0, "excluded_lines": 0, "percent_statements_covered": 100.0, "percent_statements_covered_display": "100"}, "missing_lines": [], "excluded_lines": [], "start_line": 62}, "ToyPack.score": {"executed_lines": [168, 169, 171, 172, 173, 176, 177, 180, 181, 183, 191], "summary": {"covered_lines": 11, "num_statements": 11, "percent_covered": 100.0, "percent_covered_display": "100", "missing_lines": 0, "excluded_lines": 0, "percent_statements_covered": 100.0, "percent_statements_covered_display": "100"}, "missing_lines": [], "excluded_lines": [], "start_line": 162}, "ToyPack.feasibility": {"executed_lines": [204, 205, 206, 209, 213, 214, 219, 222], "summary": {"covered_lines": 8, "num_statements": 12, "percent_covered": 66.66666666666667, "percent_covered_display": "67", "missing_lines": 4, "excluded_lines": 0, "percent_statements_covered": 66.66666666666667, "percent_statements_covered_display": "67"}, "missing_lines": [210, 215, 216, 220], "excluded_lines": [], "start_line": 198}, "ToyPack.cost_model": {"executed_lines": [231, 236, 241], "summary": {"covered_lines": 3, "num_statements": 3, "percent_covered": 100.0, "percent_covered_display": "100", "missing_lines": 0, "excluded_lines": 0, "percent_statements_covered": 100.0, "percent_statements_covered_display": "100"}, "missing_lines": [], "excluded_lines": [], "start_line": 229}, "ToyPack.get_action_ranges": {"executed_lines": [], "summary": {"covered_lines": 0, "num_statements": 1, "percent_covered": 0.0, "percent_covered_display": "0", "missing_lines": 1, "excluded_lines": 0, "percent_statements_covered": 0.0, "percent_statements_covered_display": "0"}, "missing_lines": [249], "excluded_lines": [], "start_line": 247}, "": {"executed_lines": [2, 3, 4, 6, 7, 9, 19, 22, 24, 25, 26, 27, 28, 31, 33, 34, 35, 38, 39, 50, 51, 52, 53, 54, 56, 59, 62, 162, 198, 229, 247], "summary": {"covered_lines": 31, "num_statements": 31, "percent_covered": 100.0, "percent_covered_display": "100", "missing_lines": 0, "excluded_lines": 0, "percent_statements_covered": 100.0, "percent_statements_covered_display": "100"}, "missing_lines": [], "excluded_lines": [], "start_line": 1}}, "classes": {"ToyState": {"executed_lines": [], "summary": {"covered_lines": 0, "num_statements": 0, "percent_covered": 100.0, "percent_covered_display": "100", "missing_lines": 0, "excluded_lines": 0, "percent_statements_covered": 100.0, "percent_statements_covered_display": "100"}, "missing_lines": [], "excluded_lines": [], "start_line": 22}, "ToyActions": {"executed_lines": [], "summary": {"covered_lines": 0, "num_statements": 0, "percent_covered": 100.0, "percent_covered_display": "100", "missing_lines": 0, "excluded_lines": 0, "percent_statements_covered": 100.0, "percent_statements_covered_display": "100"}, "missing_lines": [], "excluded_lines": [], "start_line": 31}, "ToyPack": {"executed_lines": [57, 60, 72, 73, 76, 81, 84, 89, 92, 93, 94, 97, 98, 99, 101, 103, 104, 107, 108, 111, 113, 116, 117, 124, 129, 133, 135, 168, 169, 171, 172, 173, 176, 177, 180, 181, 183, 191, 204, 205, 206, 209, 213, 214, 219, 222, 231, 236, 241], "summary": {"covered_lines": 49, "num_statements": 54, "percent_covered": 90.74074074074075, "percent_covered_display": "91", "missing_lines": 5, "excluded_lines": 0, "percent_statements_covered": 90.74074074074075, "percent_statements_covered_display": "91"}, "missing_lines": [210, 215, 216, 220, 249], "excluded_lines": [], "start_line": 39}, "": {"executed_lines": [2, 3, 4, 6, 7, 9, 19, 22, 24, 25, 26, 27, 28, 31, 33, 34, 35, 38, 39, 50, 51, 52, 53, 54, 56, 59, 62, 162, 198, 229, 247], "summary": {"covered_lines": 31, "num_statements": 31, "percent_covered": 100.0, "percent_covered_display": "100", "missing_lines": 0, "excluded_lines": 0, "percent_statements_covered": 100.0, "percent_statements_covered_display": "100"}, "missing_lines": [], "excluded_lines": [], "start_line": 1}}}, "core/__init__.py": {"executed_lines": [], "summary": {"covered_lines": 0, "num_statements": 0, "percent_covered": 100.0, "percent_covered_display": "100", "missing_lines": 0, "excluded_lines": 0, "percent_statements_covered": 100.0, "percent_statements_covered_display": "100"}, "missing_lines": [], "excluded_lines": [], "functions": {"": {"executed_lines": [], "summary": {"covered_lines": 0, "num_statements": 0, "percent_covered": 100.0, "percent_covered_display": "100", "missing_lines": 0, "excluded_lines": 0, "percent_statements_covered": 100.0, "percent_statements_covered_display": "100"}, "missing_lines": [], "excluded_lines": [], "start_line": 1}}, "classes": {"": {"executed_lines": [], "summary": {"covered_lines": 0, "num_statements": 0, "percent_covered": 100.0, "percent_covered_display": "100", "missing_lines": 0, "excluded_lines": 0, "percent_statements_covered": 100.0, "percent_statements_covered_display": "100"}, "missing_lines": [], "excluded_lines": [], "start_line": 1}}}, "core/contract.py": {"executed_lines": [], "summary": {"covered_lines": 0, "num_statements": 114, "percent_covered": 0.0, "percent_covered_display": "0", "missing_lines": 114, "excluded_lines": 0, "percent_statements_covered": 0.0, "percent_statements_covered_display": "0"}, "missing_lines": [16, 18, 19, 21, 25, 26, 27, 28, 29, 30, 31, 34, 42, 44, 45, 46, 47, 48, 49, 50, 54, 55, 56, 59, 60, 61, 62, 65, 66, 67, 68, 69, 70, 71, 72, 73, 77, 78, 79, 80, 83, 84, 85, 86, 87, 90, 91, 95, 96, 97, 98, 99, 100, 101, 102, 103, 107, 108, 109, 110, 111, 114, 115, 116, 117, 118, 121, 122, 123, 124, 125, 126, 128, 129, 130, 134, 135, 136, 137, 140, 141, 142, 143, 144, 145, 146, 149, 157, 159, 160, 161, 162, 163, 165, 166, 167, 173, 175, 184, 185, 186, 187, 188, 191, 192, 193, 194, 197, 198, 199, 200, 201, 202, 203], "excluded_lines": [], "functions": {"DomainPackFidelity.is_predictive": {"executed_lines": [], "summary": {"covered_lines": 0, "num_statements": 1, "percent_covered": 0.0, "percent_covered_display": "0", "missing_lines": 1, "excluded_lines": 0, "percent_statements_covered": 0.0, "percent_statements_covered_display": "0"}, "missing_lines": [130], "excluded_lines": [], "start_line": 129}, "gate": {"executed_lines": [], "summary": {"covered_lines": 0, "num_statements": 11, "percent_covered": 0.0, "percent_covered_display": "0", "missing_lines": 11, "excluded_lines": 0, "percent_statements_covered": 0.0, "percent_statements_covered_display": "0"}, "missing_lines": [157, 159, 160, 161, 162, 163, 165, 166, 167, 173, 175], "excluded_lines": [], "start_line": 149}, "": {"executed_lines": [], "summary": {"covered_lines": 0, "num_statements": 102, "percent_covered": 0.0, "percent_covered_display": "0", "missing_lines": 102, "excluded_lines": 0, "percent_statements_covered": 0.0, "percent_statements_covered_display": "0"}, "missing_lines": [16, 18, 19, 21, 25, 26, 27, 28, 29, 30, 31, 34, 42, 44, 45, 46, 47, 48, 49, 50, 54, 55, 56, 59, 60, 61, 62, 65, 66, 67, 68, 69, 70, 71, 72, 73, 77, 78, 79, 80, 83, 84, 85, 86, 87, 90, 91, 95, 96, 97, 98, 99, 100, 101, 102, 103, 107, 108, 109, 110, 111, 114, 115, 116, 117, 118, 121, 122, 123, 124, 125, 126, 128, 129, 134, 135, 136, 137, 140, 141, 142, 143, 144, 145, 146, 149, 184, 185, 186, 187, 188, 191, 192, 193, 194, 197, 198, 199, 200, 201, 202, 203], "excluded_lines": [], "start_line": 1}}, "classes": {"Provenance": {"executed_lines": [], "summary": {"covered_lines": 0, "num_statements": 0, "percent_covered": 100.0, "percent_covered_display": "100", "missing_lines": 0, "excluded_lines": 0, "percent_statements_covered": 100.0, "percent_statements_covered_display": "100"}, "missing_lines": [], "excluded_lines": [], "start_line": 25}, "ParameterValue": {"executed_lines": [], "summary": {"covered_lines": 0, "num_statements": 0, "percent_covered": 100.0, "percent_covered_display": "100", "missing_lines": 0, "excluded_lines": 0, "percent_statements_covered": 100.0, "percent_statements_covered_display": "100"}, "missing_lines": [], "excluded_lines": [], "start_line": 42}, "ProblemTag": {"executed_lines": [], "summary": {"covered_lines": 0, "num_statements": 0, "percent_covered": 100.0, "percent_covered_display": "100", "missing_lines": 0, "excluded_lines": 0, "percent_statements_covered": 100.0, "percent_statements_covered_display": "100"}, "missing_lines": [], "excluded_lines": [], "start_line": 54}, "ProblemClassification": {"executed_lines": [], "summary": {"covered_lines": 0, "num_statements": 0, "percent_covered": 100.0, "percent_covered_display": "100", "missing_lines": 0, "excluded_lines": 0, "percent_statements_covered": 100.0, "percent_statements_covered_display": "100"}, "missing_lines": [], "excluded_lines": [], "start_line": 59}, "Playbook": {"executed_lines": [], "summary": {"covered_lines": 0, "num_statements": 0, "percent_covered": 100.0, "percent_covered_display": "100", "missing_lines": 0, "excluded_lines": 0, "percent_statements_covered": 100.0, "percent_statements_covered_display": "100"}, "missing_lines": [], "excluded_lines": [], "start_line": 65}, "Criticality": {"executed_lines": [], "summary": {"covered_lines": 0, "num_statements": 0, "percent_covered": 100.0, "percent_covered_display": "100", "missing_lines": 0, "excluded_lines": 0, "percent_statements_covered": 100.0, "percent_statements_covered_display": "100"}, "missing_lines": [], "excluded_lines": [], "start_line": 77}, "ParameterCriticality": {"executed_lines": [], "summary": {"covered_lines": 0, "num_statements": 0, "percent_covered": 100.0, "percent_covered_display": "100", "missing_lines": 0, "excluded_lines": 0, "percent_statements_covered": 100.0, "percent_statements_covered_display": "100"}, "missing_lines": [], "excluded_lines": [], "start_line": 83}, "TriageResult": {"executed_lines": [], "summary": {"covered_lines": 0, "num_statements": 0, "percent_covered": 100.0, "percent_covered_display": "100", "missing_lines": 0, "excluded_lines": 0, "percent_statements_covered": 100.0, "percent_statements_covered_display": "100"}, "missing_lines": [], "excluded_lines": [], "start_line": 90}, "ClarificationQuestion": {"executed_lines": [], "summary": {"covered_lines": 0, "num_statements": 0, "percent_covered": 100.0, "percent_covered_display": "100", "missing_lines": 0, "excluded_lines": 0, "percent_statements_covered": 100.0, "percent_statements_covered_display": "100"}, "missing_lines": [], "excluded_lines": [], "start_line": 95}, "FidelityTier": {"executed_lines": [], "summary": {"covered_lines": 0, "num_statements": 0, "percent_covered": 100.0, "percent_covered_display": "100", "missing_lines": 0, "excluded_lines": 0, "percent_statements_covered": 100.0, "percent_statements_covered_display": "100"}, "missing_lines": [], "excluded_lines": [], "start_line": 107}, "ValidationStatus": {"executed_lines": [], "summary": {"covered_lines": 0, "num_statements": 0, "percent_covered": 100.0, "percent_covered_display": "100", "missing_lines": 0, "excluded_lines": 0, "percent_statements_covered": 100.0, "percent_statements_covered_display": "100"}, "missing_lines": [], "excluded_lines": [], "start_line": 114}, "DomainPackFidelity": {"executed_lines": [], "summary": {"covered_lines": 0, "num_statements": 1, "percent_covered": 0.0, "percent_covered_display": "0", "missing_lines": 1, "excluded_lines": 0, "percent_statements_covered": 0.0, "percent_statements_covered_display": "0"}, "missing_lines": [130], "excluded_lines": [], "start_line": 121}, "GateVerdict": {"executed_lines": [], "summary": {"covered_lines": 0, "num_statements": 0, "percent_covered": 100.0, "percent_covered_display": "100", "missing_lines": 0, "excluded_lines": 0, "percent_statements_covered": 100.0, "percent_statements_covered_display": "100"}, "missing_lines": [], "excluded_lines": [], "start_line": 134}, "ProvenanceGateDecision": {"executed_lines": [], "summary": {"covered_lines": 0, "num_statements": 0, "percent_covered": 100.0, "percent_covered_display": "100", "missing_lines": 0, "excluded_lines": 0, "percent_statements_covered": 100.0, "percent_statements_covered_display": "100"}, "missing_lines": [], "excluded_lines": [], "start_line": 140}, "EnrichedState": {"executed_lines": [], "summary": {"covered_lines": 0, "num_statements": 0, "percent_covered": 100.0, "percent_covered_display": "100", "missing_lines": 0, "excluded_lines": 0, "percent_statements_covered": 100.0, "percent_statements_covered_display": "100"}, "missing_lines": [], "excluded_lines": [], "start_line": 184}, "OutcomeBundle": {"executed_lines": [], "summary": {"covered_lines": 0, "num_statements": 0, "percent_covered": 100.0, "percent_covered_display": "100", "missing_lines": 0, "excluded_lines": 0, "percent_statements_covered": 100.0, "percent_statements_covered_display": "100"}, "missing_lines": [], "excluded_lines": [], "start_line": 191}, "ConfidenceReport": {"executed_lines": [], "summary": {"covered_lines": 0, "num_statements": 0, "percent_covered": 100.0, "percent_covered_display": "100", "missing_lines": 0, "excluded_lines": 0, "percent_statements_covered": 100.0, "percent_statements_covered_display": "100"}, "missing_lines": [], "excluded_lines": [], "start_line": 197}, "": {"executed_lines": [], "summary": {"covered_lines": 0, "num_statements": 113, "percent_covered": 0.0, "percent_covered_display": "0", "missing_lines": 113, "excluded_lines": 0, "percent_statements_covered": 0.0, "percent_statements_covered_display": "0"}, "missing_lines": [16, 18, 19, 21, 25, 26, 27, 28, 29, 30, 31, 34, 42, 44, 45, 46, 47, 48, 49, 50, 54, 55, 56, 59, 60, 61, 62, 65, 66, 67, 68, 69, 70, 71, 72, 73, 77, 78, 79, 80, 83, 84, 85, 86, 87, 90, 91, 95, 96, 97, 98, 99, 100, 101, 102, 103, 107, 108, 109, 110, 111, 114, 115, 116, 117, 118, 121, 122, 123, 124, 125, 126, 128, 129, 134, 135, 136, 137, 140, 141, 142, 143, 144, 145, 146, 149, 157, 159, 160, 161, 162, 163, 165, 166, 167, 173, 175, 184, 185, 186, 187, 188, 191, 192, 193, 194, 197, 198, 199, 200, 201, 202, 203], "excluded_lines": [], "start_line": 1}}}, "libs/__init__.py": {"executed_lines": [], "summary": {"covered_lines": 0, "num_statements": 0, "percent_covered": 100.0, "percent_covered_display": "100", "missing_lines": 0, "excluded_lines": 0, "percent_statements_covered": 100.0, "percent_statements_covered_display": "100"}, "missing_lines": [], "excluded_lines": [], "functions": {"": {"executed_lines": [], "summary": {"covered_lines": 0, "num_statements": 0, "percent_covered": 100.0, "percent_covered_display": "100", "missing_lines": 0, "excluded_lines": 0, "percent_statements_covered": 100.0, "percent_statements_covered_display": "100"}, "missing_lines": [], "excluded_lines": [], "start_line": 1}}, "classes": {"": {"executed_lines": [], "summary": {"covered_lines": 0, "num_statements": 0, "percent_covered": 100.0, "percent_covered_display": "100", "missing_lines": 0, "excluded_lines": 0, "percent_statements_covered": 100.0, "percent_statements_covered_display": "100"}, "missing_lines": [], "excluded_lines": [], "start_line": 1}}}, "libs/ledger/__init__.py": {"executed_lines": [], "summary": {"covered_lines": 0, "num_statements": 0, "percent_covered": 100.0, "percent_covered_display": "100", "missing_lines": 0, "excluded_lines": 0, "percent_statements_covered": 100.0, "percent_statements_covered_display": "100"}, "missing_lines": [], "excluded_lines": [], "functions": {"": {"executed_lines": [], "summary": {"covered_lines": 0, "num_statements": 0, "percent_covered": 100.0, "percent_covered_display": "100", "missing_lines": 0, "excluded_lines": 0, "percent_statements_covered": 100.0, "percent_statements_covered_display": "100"}, "missing_lines": [], "excluded_lines": [], "start_line": 1}}, "classes": {"": {"executed_lines": [], "summary": {"covered_lines": 0, "num_statements": 0, "percent_covered": 100.0, "percent_covered_display": "100", "missing_lines": 0, "excluded_lines": 0, "percent_statements_covered": 100.0, "percent_statements_covered_display": "100"}, "missing_lines": [], "excluded_lines": [], "start_line": 1}}}, "libs/ledger/gsip_ledger/__init__.py": {"executed_lines": [9, 18], "summary": {"covered_lines": 2, "num_statements": 2, "percent_covered": 100.0, "percent_covered_display": "100", "missing_lines": 0, "excluded_lines": 0, "percent_statements_covered": 100.0, "percent_statements_covered_display": "100"}, "missing_lines": [], "excluded_lines": [], "functions": {"": {"executed_lines": [9, 18], "summary": {"covered_lines": 2, "num_statements": 2, "percent_covered": 100.0, "percent_covered_display": "100", "missing_lines": 0, "excluded_lines": 0, "percent_statements_covered": 100.0, "percent_statements_covered_display": "100"}, "missing_lines": [], "excluded_lines": [], "start_line": 1}}, "classes": {"": {"executed_lines": [9, 18], "summary": {"covered_lines": 2, "num_statements": 2, "percent_covered": 100.0, "percent_covered_display": "100", "missing_lines": 0, "excluded_lines": 0, "percent_statements_covered": 100.0, "percent_statements_covered_display": "100"}, "missing_lines": [], "excluded_lines": [], "start_line": 1}}}, "libs/ledger/gsip_ledger/hashing.py": {"executed_lines": [18, 20, 21, 22, 23, 24, 25, 26, 27, 29, 38, 39, 42, 70, 72, 81, 83, 84, 85, 88, 105, 120, 122, 125, 127, 130, 138, 139, 149], "summary": {"covered_lines": 29, "num_statements": 49, "percent_covered": 59.183673469387756, "percent_covered_display": "59", "missing_lines": 20, "excluded_lines": 0, "percent_statements_covered": 59.183673469387756, "percent_statements_covered_display": "59"}, "missing_lines": [50, 51, 52, 53, 54, 55, 56, 57, 58, 59, 60, 61, 62, 63, 64, 140, 141, 142, 143, 145], "excluded_lines": [], "functions": {"_encode_unsupported": {"executed_lines": [], "summary": {"covered_lines": 0, "num_statements": 15, "percent_covered": 0.0, "percent_covered_display": "0", "missing_lines": 15, "excluded_lines": 0, "percent_statements_covered": 0.0, "percent_statements_covered_display": "0"}, "missing_lines": [50, 51, 52, 53, 54, 55, 56, 57, 58, 59, 60, 61, 62, 63, 64], "excluded_lines": [], "start_line": 42}, "canonical_json": {"executed_lines": [72], "summary": {"covered_lines": 1, "num_statements": 1, "percent_covered": 100.0, "percent_covered_display": "100", "missing_lines": 0, "excluded_lines": 0, "percent_statements_covered": 100.0, "percent_statements_covered_display": "100"}, "missing_lines": [], "excluded_lines": [], "start_line": 70}, "sha256_hex": {"executed_lines": [83, 84, 85], "summary": {"covered_lines": 3, "num_statements": 3, "percent_covered": 100.0, "percent_covered_display": "100", "missing_lines": 0, "excluded_lines": 0, "percent_statements_covered": 100.0, "percent_statements_covered_display": "100"}, "missing_lines": [], "excluded_lines": [], "start_line": 81}, "compute_scenario_hash": {"executed_lines": [105], "summary": {"covered_lines": 1, "num_statements": 1, "percent_covered": 100.0, "percent_covered_display": "100", "missing_lines": 0, "excluded_lines": 0, "percent_statements_covered": 100.0, "percent_statements_covered_display": "100"}, "missing_lines": [], "excluded_lines": [], "start_line": 88}, "compute_run_hash": {"executed_lines": [122], "summary": {"covered_lines": 1, "num_statements": 1, "percent_covered": 100.0, "percent_covered_display": "100", "missing_lines": 0, "excluded_lines": 0, "percent_statements_covered": 100.0, "percent_statements_covered_display": "100"}, "missing_lines": [], "excluded_lines": [], "start_line": 120}, "compute_artifact_checksum": {"executed_lines": [127], "summary": {"covered_lines": 1, "num_statements": 1, "percent_covered": 100.0, "percent_covered_display": "100", "missing_lines": 0, "excluded_lines": 0, "percent_statements_covered": 100.0, "percent_statements_covered_display": "100"}, "missing_lines": [], "excluded_lines": [], "start_line": 125}, "verify_hash": {"executed_lines": [138, 139, 149], "summary": {"covered_lines": 3, "num_statements": 8, "percent_covered": 37.5, "percent_covered_display": "38", "missing_lines": 5, "excluded_lines": 0, "percent_statements_covered": 37.5, "percent_statements_covered_display": "38"}, "missing_lines": [140, 141, 142, 143, 145], "excluded_lines": [], "start_line": 130}, "": {"executed_lines": [18, 20, 21, 22, 23, 24, 25, 26, 27, 29, 38, 39, 42, 70, 81, 88, 120, 125, 130], "summary": {"covered_lines": 19, "num_statements": 19, "percent_covered": 100.0, "percent_covered_display": "100", "missing_lines": 0, "excluded_lines": 0, "percent_statements_covered": 100.0, "percent_statements_covered_display": "100"}, "missing_lines": [], "excluded_lines": [], "start_line": 1}}, "classes": {"": {"executed_lines": [18, 20, 21, 22, 23, 24, 25, 26, 27, 29, 38, 39, 42, 70, 72, 81, 83, 84, 85, 88, 105, 120, 122, 125, 127, 130, 138, 139, 149], "summary": {"covered_lines": 29, "num_statements": 49, "percent_covered": 59.183673469387756, "percent_covered_display": "59", "missing_lines": 20, "excluded_lines": 0, "percent_statements_covered": 59.183673469387756, "percent_statements_covered_display": "59"}, "missing_lines": [50, 51, 52, 53, 54, 55, 56, 57, 58, 59, 60, 61, 62, 63, 64, 140, 141, 142, 143, 145], "excluded_lines": [], "start_line": 1}}}, "services/api/__init__.py": {"executed_lines": [], "summary": {"covered_lines": 0, "num_statements": 0, "percent_covered": 100.0, "percent_covered_display": "100", "missing_lines": 0, "excluded_lines": 0, "percent_statements_covered": 100.0, "percent_statements_covered_display": "100"}, "missing_lines": [], "excluded_lines": [], "functions": {"": {"executed_lines": [], "summary": {"covered_lines": 0, "num_statements": 0, "percent_covered": 100.0, "percent_covered_display": "100", "missing_lines": 0, "excluded_lines": 0, "percent_statements_covered": 100.0, "percent_statements_covered_display": "100"}, "missing_lines": [], "excluded_lines": [], "start_line": 1}}, "classes": {"": {"executed_lines": [], "summary": {"covered_lines": 0, "num_statements": 0, "percent_covered": 100.0, "percent_covered_display": "100", "missing_lines": 0, "excluded_lines": 0, "percent_statements_covered": 100.0, "percent_statements_covered_display": "100"}, "missing_lines": [], "excluded_lines": [], "start_line": 1}}}, "services/api/auth.py": {"executed_lines": [2, 4, 5, 7, 8, 9, 11, 12, 13, 16, 17, 18, 19, 20, 22, 32, 38, 45, 48, 51, 59, 60, 63, 90, 99, 100, 102, 112, 113, 119, 120, 121, 125, 126, 127, 128, 129, 130, 131, 134, 135, 139, 145, 148], "summary": {"covered_lines": 44, "num_statements": 73, "percent_covered": 60.273972602739725, "percent_covered_display": "60", "missing_lines": 29, "excluded_lines": 0, "percent_statements_covered": 60.273972602739725, "percent_statements_covered_display": "60"}, "missing_lines": [24, 25, 26, 29, 65, 68, 69, 70, 78, 81, 82, 83, 87, 103, 104, 108, 109, 110, 114, 115, 140, 141, 142, 143, 151, 152, 153, 154, 156], "excluded_lines": [], "functions": {"UserContext.get_projects": {"executed_lines": [], "summary": {"covered_lines": 0, "num_statements": 4, "percent_covered": 0.0, "percent_covered_display": "0", "missing_lines": 4, "excluded_lines": 0, "percent_statements_covered": 0.0, "percent_statements_covered_display": "0"}, "missing_lines": [24, 25, 26, 29], "excluded_lines": [], "start_line": 22}, "_is_member": {"executed_lines": [38, 45], "summary": {"covered_lines": 2, "num_statements": 2, "percent_covered": 100.0, "percent_covered_display": "100", "missing_lines": 0, "excluded_lines": 0, "percent_statements_covered": 100.0, "percent_statements_covered_display": "100"}, "missing_lines": [], "excluded_lines": [], "start_line": 32}, "_load_permissions": {"executed_lines": [51, 59, 60], "summary": {"covered_lines": 3, "num_statements": 3, "percent_covered": 100.0, "percent_covered_display": "100", "missing_lines": 0, "excluded_lines": 0, "percent_statements_covered": 100.0, "percent_statements_covered_display": "100"}, "missing_lines": [], "excluded_lines": [], "start_line": 48}, "_resolve_demo_user": {"executed_lines": [], "summary": {"covered_lines": 0, "num_statements": 9, "percent_covered": 0.0, "percent_covered_display": "0", "missing_lines": 9, "excluded_lines": 0, "percent_statements_covered": 0.0, "percent_statements_covered_display": "0"}, "missing_lines": [65, 68, 69, 70, 78, 81, 82, 83, 87], "excluded_lines": [], "start_line": 63}, "get_current_user": {"executed_lines": [99, 100, 102, 112, 113, 119, 120, 121, 125, 126, 127, 128, 129, 130, 131, 134, 135, 139, 145], "summary": {"covered_lines": 19, "num_statements": 30, "percent_covered": 63.333333333333336, "percent_covered_display": "63", "missing_lines": 11, "excluded_lines": 0, "percent_statements_covered": 63.333333333333336, "percent_statements_covered_display": "63"}, "missing_lines": [103, 104, 108, 109, 110, 114, 115, 140, 141, 142, 143], "excluded_lines": [], "start_line": 90}, "require_permission": {"executed_lines": [], "summary": {"covered_lines": 0, "num_statements": 2, "percent_covered": 0.0, "percent_covered_display": "0", "missing_lines": 2, "excluded_lines": 0, "percent_statements_covered": 0.0, "percent_statements_covered_display": "0"}, "missing_lines": [151, 156], "excluded_lines": [], "start_line": 148}, "require_permission._checker": {"executed_lines": [], "summary": {"covered_lines": 0, "num_statements": 3, "percent_covered": 0.0, "percent_covered_display": "0", "missing_lines": 3, "excluded_lines": 0, "percent_statements_covered": 0.0, "percent_statements_covered_display": "0"}, "missing_lines": [152, 153, 154], "excluded_lines": [], "start_line": 151}, "": {"executed_lines": [2, 4, 5, 7, 8, 9, 11, 12, 13, 16, 17, 18, 19, 20, 22, 32, 48, 63, 90, 148], "summary": {"covered_lines": 20, "num_statements": 20, "percent_covered": 100.0, "percent_covered_display": "100", "missing_lines": 0, "excluded_lines": 0, "percent_statements_covered": 100.0, "percent_statements_covered_display": "100"}, "missing_lines": [], "excluded_lines": [], "start_line": 1}}, "classes": {"UserContext": {"executed_lines": [], "summary": {"covered_lines": 0, "num_statements": 4, "percent_covered": 0.0, "percent_covered_display": "0", "missing_lines": 4, "excluded_lines": 0, "percent_statements_covered": 0.0, "percent_statements_covered_display": "0"}, "missing_lines": [24, 25, 26, 29], "excluded_lines": [], "start_line": 17}, "": {"executed_lines": [2, 4, 5, 7, 8, 9, 11, 12, 13, 16, 17, 18, 19, 20, 22, 32, 38, 45, 48, 51, 59, 60, 63, 90, 99, 100, 102, 112, 113, 119, 120, 121, 125, 126, 127, 128, 129, 130, 131, 134, 135, 139, 145, 148], "summary": {"covered_lines": 44, "num_statements": 69, "percent_covered": 63.768115942028984, "percent_covered_display": "64", "missing_lines": 25, "excluded_lines": 0, "percent_statements_covered": 63.768115942028984, "percent_statements_covered_display": "64"}, "missing_lines": [65, 68, 69, 70, 78, 81, 82, 83, 87, 103, 104, 108, 109, 110, 114, 115, 140, 141, 142, 143, 151, 152, 153, 154, 156], "excluded_lines": [], "start_line": 1}}}, "services/api/config.py": {"executed_lines": [2, 5, 8, 10, 11, 13, 14, 15, 17, 21, 25, 26, 27, 31, 34], "summary": {"covered_lines": 15, "num_statements": 15, "percent_covered": 100.0, "percent_covered_display": "100", "missing_lines": 0, "excluded_lines": 0, "percent_statements_covered": 100.0, "percent_statements_covered_display": "100"}, "missing_lines": [], "excluded_lines": [], "functions": {"": {"executed_lines": [2, 5, 8, 10, 11, 13, 14, 15, 17, 21, 25, 26, 27, 31, 34], "summary": {"covered_lines": 15, "num_statements": 15, "percent_covered": 100.0, "percent_covered_display": "100", "missing_lines": 0, "excluded_lines": 0, "percent_statements_covered": 100.0, "percent_statements_covered_display": "100"}, "missing_lines": [], "excluded_lines": [], "start_line": 1}}, "classes": {"Settings": {"executed_lines": [], "summary": {"covered_lines": 0, "num_statements": 0, "percent_covered": 100.0, "percent_covered_display": "100", "missing_lines": 0, "excluded_lines": 0, "percent_statements_covered": 100.0, "percent_statements_covered_display": "100"}, "missing_lines": [], "excluded_lines": [], "start_line": 5}, "": {"executed_lines": [2, 5, 8, 10, 11, 13, 14, 15, 17, 21, 25, 26, 27, 31, 34], "summary": {"covered_lines": 15, "num_statements": 15, "percent_covered": 100.0, "percent_covered_display": "100", "missing_lines": 0, "excluded_lines": 0, "percent_statements_covered": 100.0, "percent_statements_covered_display": "100"}, "missing_lines": [], "excluded_lines": [], "start_line": 1}}}, "services/api/db/__init__.py": {"executed_lines": [3], "summary": {"covered_lines": 1, "num_statements": 1, "percent_covered": 100.0, "percent_covered_display": "100", "missing_lines": 0, "excluded_lines": 0, "percent_statements_covered": 100.0, "percent_statements_covered_display": "100"}, "missing_lines": [], "excluded_lines": [], "functions": {"": {"executed_lines": [3], "summary": {"covered_lines": 1, "num_statements": 1, "percent_covered": 100.0, "percent_covered_display": "100", "missing_lines": 0, "excluded_lines": 0, "percent_statements_covered": 100.0, "percent_statements_covered_display": "100"}, "missing_lines": [], "excluded_lines": [], "start_line": 1}}, "classes": {"": {"executed_lines": [3], "summary": {"covered_lines": 1, "num_statements": 1, "percent_covered": 100.0, "percent_covered_display": "100", "missing_lines": 0, "excluded_lines": 0, "percent_statements_covered": 100.0, "percent_statements_covered_display": "100"}, "missing_lines": [], "excluded_lines": [], "start_line": 1}}}, "services/api/db/base.py": {"executed_lines": [2, 4, 5, 6, 8, 9, 10, 11, 14, 17, 26, 29, 36, 39, 44, 52], "summary": {"covered_lines": 16, "num_statements": 26, "percent_covered": 61.53846153846154, "percent_covered_display": "62", "missing_lines": 10, "excluded_lines": 0, "percent_statements_covered": 61.53846153846154, "percent_statements_covered_display": "62"}, "missing_lines": [19, 20, 21, 22, 23, 53, 54, 55, 56, 57], "excluded_lines": [], "functions": {"Base.to_dict": {"executed_lines": [], "summary": {"covered_lines": 0, "num_statements": 5, "percent_covered": 0.0, "percent_covered_display": "0", "missing_lines": 5, "excluded_lines": 0, "percent_statements_covered": 0.0, "percent_statements_covered_display": "0"}, "missing_lines": [19, 20, 21, 22, 23], "excluded_lines": [], "start_line": 17}, "_serialize_value": {"executed_lines": [], "summary": {"covered_lines": 0, "num_statements": 5, "percent_covered": 0.0, "percent_covered_display": "0", "missing_lines": 5, "excluded_lines": 0, "percent_statements_covered": 0.0, "percent_statements_covered_display": "0"}, "missing_lines": [53, 54, 55, 56, 57], "excluded_lines": [], "start_line": 52}, "": {"executed_lines": [2, 4, 5, 6, 8, 9, 10, 11, 14, 17, 26, 29, 36, 39, 44, 52], "summary": {"covered_lines": 16, "num_statements": 16, "percent_covered": 100.0, "percent_covered_display": "100", "missing_lines": 0, "excluded_lines": 0, "percent_statements_covered": 100.0, "percent_statements_covered_display": "100"}, "missing_lines": [], "excluded_lines": [], "start_line": 1}}, "classes": {"Base": {"executed_lines": [], "summary": {"covered_lines": 0, "num_statements": 5, "percent_covered": 0.0, "percent_covered_display": "0", "missing_lines": 5, "excluded_lines": 0, "percent_statements_covered": 0.0, "percent_statements_covered_display": "0"}, "missing_lines": [19, 20, 21, 22, 23], "excluded_lines": [], "start_line": 14}, "UUIDMixin": {"executed_lines": [], "summary": {"covered_lines": 0, "num_statements": 0, "percent_covered": 100.0, "percent_covered_display": "100", "missing_lines": 0, "excluded_lines": 0, "percent_statements_covered": 100.0, "percent_statements_covered_display": "100"}, "missing_lines": [], "excluded_lines": [], "start_line": 26}, "TimestampMixin": {"executed_lines": [], "summary": {"covered_lines": 0, "num_statements": 0, "percent_covered": 100.0, "percent_covered_display": "100", "missing_lines": 0, "excluded_lines": 0, "percent_statements_covered": 100.0, "percent_statements_covered_display": "100"}, "missing_lines": [], "excluded_lines": [], "start_line": 36}, "": {"executed_lines": [2, 4, 5, 6, 8, 9, 10, 11, 14, 17, 26, 29, 36, 39, 44, 52], "summary": {"covered_lines": 16, "num_statements": 21, "percent_covered": 76.19047619047619, "percent_covered_display": "76", "missing_lines": 5, "excluded_lines": 0,
[...]
_bounds": {"executed_lines": [107, 108, 110, 111, 113, 114, 116, 119, 120, 121, 130], "summary": {"covered_lines": 11, "num_statements": 13, "percent_covered": 84.61538461538461, "percent_covered_display": "85", "missing_lines": 2, "excluded_lines": 0, "percent_statements_covered": 84.61538461538461, "percent_statements_covered_display": "85"}, "missing_lines": [112, 117], "excluded_lines": [], "start_line": 105}, "InvariantChecker._check_nan_inf": {"executed_lines": [134, 136, 163, 164], "summary": {"covered_lines": 4, "num_statements": 4, "percent_covered": 100.0, "percent_covered_display": "100", "missing_lines": 0, "excluded_lines": 0, "percent_statements_covered": 100.0, "percent_statements_covered_display": "100"}, "missing_lines": [], "excluded_lines": [], "start_line": 132}, "InvariantChecker._check_nan_inf.check_value": {"executed_lines": [137, 138, 139, 147, 148, 156, 157, 158, 159, 160, 161], "summary": {"covered_lines": 11, "num_statements": 11, "percent_covered": 100.0, "percent_covered_display": "100", "missing_lines": 0, "excluded_lines": 0, "percent_statements_covered": 100.0, "percent_statements_covered_display": "100"}, "missing_lines": [], "excluded_lines": [], "start_line": 136}, "InvariantChecker._check_spatial_conservation": {"executed_lines": [170, 171, 174, 175, 176, 177, 178, 179, 187, 188, 197, 198, 210], "summary": {"covered_lines": 13, "num_statements": 16, "percent_covered": 81.25, "percent_covered_display": "81", "missing_lines": 3, "excluded_lines": 0, "percent_statements_covered": 81.25, "percent_statements_covered_display": "81"}, "missing_lines": [199, 207, 208], "excluded_lines": [], "start_line": 166}, "InvariantChecker._check_schema_completeness": {"executed_lines": [216, 217, 219, 220, 221, 230], "summary": {"covered_lines": 6, "num_statements": 6, "percent_covered": 100.0, "percent_covered_display": "100", "missing_lines": 0, "excluded_lines": 0, "percent_statements_covered": 100.0, "percent_statements_covered_display": "100"}, "missing_lines": [], "excluded_lines": [], "start_line": 212}, "": {"executed_lines": [2, 4, 5, 6, 8, 11, 12, 15, 16, 17, 18, 21, 22, 25, 26, 27, 28, 30, 55, 58, 61, 105, 132, 166, 212], "summary": {"covered_lines": 25, "num_statements": 25, "percent_covered": 100.0, "percent_covered_display": "100", "missing_lines": 0, "excluded_lines": 0, "percent_statements_covered": 100.0, "percent_statements_covered_display": "100"}, "missing_lines": [], "excluded_lines": [], "start_line": 1}}, "classes": {"InvariantViolation": {"executed_lines": [], "summary": {"covered_lines": 0, "num_statements": 0, "percent_covered": 100.0, "percent_covered_display": "100", "missing_lines": 0, "excluded_lines": 0, "percent_statements_covered": 100.0, "percent_statements_covered_display": "100"}, "missing_lines": [], "excluded_lines": [], "start_line": 12}, "InvariantReport": {"executed_lines": [], "summary": {"covered_lines": 0, "num_statements": 1, "percent_covered": 0.0, "percent_covered_display": "0", "missing_lines": 1, "excluded_lines": 0, "percent_statements_covered": 0.0, "percent_statements_covered_display": "0"}, "missing_lines": [31], "excluded_lines": [], "start_line": 22}, "InvariantChecker": {"executed_lines": [59, 68, 69, 70, 73, 74, 75, 76, 79, 80, 81, 82, 85, 86, 87, 88, 89, 92, 93, 94, 95, 97, 98, 107, 108, 110, 111, 113, 114, 116, 119, 120, 121, 130, 134, 136, 137, 138, 139, 147, 148, 156, 157, 158, 159, 160, 161, 163, 164, 170, 171, 174, 175, 176, 177, 178, 179, 187, 188, 197, 198, 210, 216, 217, 219, 220, 221, 230], "summary": {"covered_lines": 68, "num_statements": 73, "percent_covered": 93.15068493150685, "percent_covered_display": "93", "missing_lines": 5, "excluded_lines": 0, "percent_statements_covered": 93.15068493150685, "percent_statements_covered_display": "93"}, "missing_lines": [112, 117, 199, 207, 208], "excluded_lines": [], "start_line": 55}, "": {"executed_lines": [2, 4, 5, 6, 8, 11, 12, 15, 16, 17, 18, 21, 22, 25, 26, 27, 28, 30, 55, 58, 61, 105, 132, 166, 212], "summary": {"covered_lines": 25, "num_statements": 25, "percent_covered": 100.0, "percent_covered_display": "100", "missing_lines": 0, "excluded_lines": 0, "percent_statements_covered": 100.0, "percent_statements_covered_display": "100"}, "missing_lines": [], "excluded_lines": [], "start_line": 1}}}, "services/sim_fabric/isolation.py": {"executed_lines": [2, 4, 5, 6, 7, 8, 9, 10, 12, 15, 18, 19, 20, 23, 24, 27, 28, 29, 30, 31, 32, 33, 36, 39, 40, 55, 58, 104, 107, 110, 196, 199, 202, 248], "summary": {"covered_lines": 34, "num_statements": 72, "percent_covered": 47.22222222222222, "percent_covered_display": "47", "missing_lines": 38, "excluded_lines": 1, "percent_statements_covered": 47.22222222222222, "percent_statements_covered_display": "47"}, "missing_lines": [71, 73, 74, 75, 77, 78, 79, 86, 87, 96, 108, 122, 124, 157, 158, 159, 160, 162, 170, 171, 178, 180, 181, 187, 188, 200, 221, 222, 229, 235, 236, 250, 251, 252, 253, 254, 255, 257], "excluded_lines": [52], "functions": {"IsolationStrategy.execute": {"executed_lines": [], "summary": {"covered_lines": 0, "num_statements": 0, "percent_covered": 100.0, "percent_covered_display": "100", "missing_lines": 0, "excluded_lines": 1, "percent_statements_covered": 100.0, "percent_statements_covered_display": "100"}, "missing_lines": [], "excluded_lines": [52], "start_line": 40}, "NoIsolation.execute": {"executed_lines": [], "summary": {"covered_lines": 0, "num_statements": 10, "percent_covered": 0.0, "percent_covered_display": "0", "missing_lines": 10, "excluded_lines": 0, "percent_statements_covered": 0.0, "percent_statements_covered_display": "0"}, "missing_lines": [71, 73, 74, 75, 77, 78, 79, 86, 87, 96], "excluded_lines": [], "start_line": 58}, "SubprocessIsolation.__init__": {"executed_lines": [], "summary": {"covered_lines": 0, "num_statements": 1, "percent_covered": 0.0, "percent_covered_display": "0", "missing_lines": 1, "excluded_lines": 0, "percent_statements_covered": 0.0, "percent_statements_covered_display": "0"}, "missing_lines": [108], "excluded_lines": [], "start_line": 107}, "SubprocessIsolation.execute": {"executed_lines": [], "summary": {"covered_lines": 0, "num_statements": 14, "percent_covered": 0.0, "percent_covered_display": "0", "missing_lines": 14, "excluded_lines": 0, "percent_statements_covered": 0.0, "percent_statements_covered_display": "0"}, "missing_lines": [122, 124, 157, 158, 159, 160, 162, 170, 171, 178, 180, 181, 187, 188], "excluded_lines": [], "start_line": 110}, "ContainerIsolation.__init__": {"executed_lines": [], "summary": {"covered_lines": 0, "num_statements": 1, "percent_covered": 0.0, "percent_covered_display": "0", "missing_lines": 1, "excluded_lines": 0, "percent_statements_covered": 0.0, "percent_statements_covered_display": "0"}, "missing_lines": [200], "excluded_lines": [], "start_line": 199}, "ContainerIsolation.execute": {"executed_lines": [], "summary": {"covered_lines": 0, "num_statements": 5, "percent_covered": 0.0, "percent_covered_display": "0", "missing_lines": 5, "excluded_lines": 0, "percent_statements_covered": 0.0, "percent_statements_covered_display": "0"}, "missing_lines": [221, 222, 229, 235, 236], "excluded_lines": [], "start_line": 202}, "get_isolation_strategy": {"executed_lines": [], "summary": {"covered_lines": 0, "num_statements": 7, "percent_covered": 0.0, "percent_covered_display": "0", "missing_lines": 7, "excluded_lines": 0, "percent_statements_covered": 0.0, "percent_statements_covered_display": "0"}, "missing_lines": [250, 251, 252, 253, 254, 255, 257], "excluded_lines": [], "start_line": 248}, "": {"executed_lines": [2, 4, 5, 6, 7, 8, 9, 10, 12, 15, 18, 19, 20, 23, 24, 27, 28, 29, 30, 31, 32, 33, 36, 39, 40, 55, 58, 104, 107, 110, 196, 199, 202, 248], "summary": {"covered_lines": 34, "num_statements": 34, "percent_covered": 100.0, "percent_covered_display": "100", "missing_lines": 0, "excluded_lines": 0, "percent_statements_covered": 100.0, "percent_statements_covered_display": "100"}, "missing_lines": [], "excluded_lines": [], "start_line": 1}}, "classes": {"IsolationMode": {"executed_lines": [], "summary": {"covered_lines": 0, "num_statements": 0, "percent_covered": 100.0, "percent_covered_display": "100", "missing_lines": 0, "excluded_lines": 0, "percent_statements_covered": 100.0, "percent_statements_covered_display": "100"}, "missing_lines": [], "excluded_lines": [], "start_line": 15}, "IsolationConfig": {"executed_lines": [], "summary": {"covered_lines": 0, "num_statements": 0, "percent_covered": 100.0, "percent_covered_display": "100", "missing_lines": 0, "excluded_lines": 0, "percent_statements_covered": 100.0, "percent_statements_covered_display": "100"}, "missing_lines": [], "excluded_lines": [], "start_line": 24}, "IsolationStrategy": {"executed_lines": [], "summary": {"covered_lines": 0, "num_statements": 0, "percent_covered": 100.0, "percent_covered_display": "100", "missing_lines": 0, "excluded_lines": 1, "percent_statements_covered": 100.0, "percent_statements_covered_display": "100"}, "missing_lines": [], "excluded_lines": [52], "start_line": 36}, "NoIsolation": {"executed_lines": [], "summary": {"covered_lines": 0, "num_statements": 10, "percent_covered": 0.0, "percent_covered_display": "0", "missing_lines": 10, "excluded_lines": 0, "percent_statements_covered": 0.0, "percent_statements_covered_display": "0"}, "missing_lines": [71, 73, 74, 75, 77, 78, 79, 86, 87, 96], "excluded_lines": [], "start_line": 55}, "SubprocessIsolation": {"executed_lines": [], "summary": {"covered_lines": 0, "num_statements": 15, "percent_covered": 0.0, "percent_covered_display": "0", "missing_lines": 15, "excluded_lines": 0, "percent_statements_covered": 0.0, "percent_statements_covered_display": "0"}, "missing_lines": [108, 122, 124, 157, 158, 159, 160, 162, 170, 171, 178, 180, 181, 187, 188], "excluded_lines": [], "start_line": 104}, "ContainerIsolation": {"executed_lines": [], "summary": {"covered_lines": 0, "num_statements": 6, "percent_covered": 0.0, "percent_covered_display": "0", "missing_lines": 6, "excluded_lines": 0, "percent_statements_covered": 0.0, "percent_statements_covered_display": "0"}, "missing_lines": [200, 221, 222, 229, 235, 236], "excluded_lines": [], "start_line": 196}, "": {"executed_lines": [2, 4, 5, 6, 7, 8, 9, 10, 12, 15, 18, 19, 20, 23, 24, 27, 28, 29, 30, 31, 32, 33, 36, 39, 40, 55, 58, 104, 107, 110, 196, 199, 202, 248], "summary": {"covered_lines": 34, "num_statements": 41, "percent_covered": 82.92682926829268, "percent_covered_display": "83", "missing_lines": 7, "excluded_lines": 0, "percent_statements_covered": 82.92682926829268, "percent_statements_covered_display": "83"}, "missing_lines": [250, 251, 252, 253, 254, 255, 257], "excluded_lines": [], "start_line": 1}}}, "services/sim_fabric/tracing.py": {"executed_lines": [2, 4, 5, 6, 7, 8, 9, 10, 12, 14, 17, 24, 30, 36, 42, 48, 54, 62, 63, 66, 67, 68, 69, 70, 71, 72, 73, 75, 84, 87, 90, 91, 95, 109, 112, 115, 127, 146, 155, 156, 173, 192, 200, 205, 210, 215, 220, 226, 229], "summary": {"covered_lines": 49, "num_statements": 89, "percent_covered": 55.056179775280896, "percent_covered_display": "55", "missing_lines": 40, "excluded_lines": 0, "percent_statements_covered": 55.056179775280896, "percent_statements_covered_display": "55"}, "missing_lines": [76, 85, 88, 92, 93, 96, 113, 117, 118, 119, 124, 125, 133, 134, 135, 137, 143, 144, 148, 149, 150, 162, 163, 164, 165, 166, 167, 168, 170, 180, 185, 194, 202, 207, 212, 217, 222, 232, 233, 234], "excluded_lines": [], "functions": {"SpanContext.log": {"executed_lines": [], "summary": {"covered_lines": 0, "num_statements": 1, "percent_covered": 0.0, "percent_covered_display": "0", "missing_lines": 1, "excluded_lines": 0, "percent_statements_covered": 0.0, "percent_statements_covered_display": "0"}, "missing_lines": [76], "excluded_lines": [], "start_line": 75}, "SpanContext.set_tag": {"executed_lines": [], "summary": {"covered_lines": 0, "num_statements": 1, "percent_covered": 0.0, "percent_covered_display": "0", "missing_lines": 1, "excluded_lines": 0, "percent_statements_covered": 0.0, "percent_statements_covered_display": "0"}, "missing_lines": [85], "excluded_lines": [], "start_line": 84}, "SpanContext.finish": {"executed_lines": [], "summary": {"covered_lines": 0, "num_statements": 1, "percent_covered": 0.0, "percent_covered_display": "0", "missing_lines": 1, "excluded_lines": 0, "percent_statements_covered": 0.0, "percent_statements_covered_display": "0"}, "missing_lines": [88], "excluded_lines": [], "start_line": 87}, "SpanContext.duration_seconds": {"executed_lines": [], "summary": {"covered_lines": 0, "num_statements": 2, "percent_covered": 0.0, "percent_covered_display": "0", "missing_lines": 2, "excluded_lines": 0, "percent_statements_covered": 0.0, "percent_statements_covered_display": "0"}, "missing_lines": [92, 93], "excluded_lines": [], "start_line": 91}, "SpanContext.to_dict": {"executed_lines": [], "summary": {"covered_lines": 0, "num_statements": 1, "percent_covered": 0.0, "percent_covered_display": "0", "missing_lines": 1, "excluded_lines": 0, "percent_statements_covered": 0.0, "percent_statements_covered_display": "0"}, "missing_lines": [96], "excluded_lines": [], "start_line": 95}, "JobTracer.__init__": {"executed_lines": [], "summary": {"covered_lines": 0, "num_statements": 1, "percent_covered": 0.0, "percent_covered_display": "0", "missing_lines": 1, "excluded_lines": 0, "percent_statements_covered": 0.0, "percent_statements_covered_display": "0"}, "missing_lines": [113], "excluded_lines": [], "start_line": 112}, "JobTracer.start_trace": {"executed_lines": [], "summary": {"covered_lines": 0, "num_statements": 5, "percent_covered": 0.0, "percent_covered_display": "0", "missing_lines": 5, "excluded_lines": 0, "percent_statements_covered": 0.0, "percent_statements_covered_display": "0"}, "missing_lines": [117, 118, 119, 124, 125], "excluded_lines": [], "start_line": 115}, "JobTracer.start_span": {"executed_lines": [], "summary": {"covered_lines": 0, "num_statements": 6, "percent_covered": 0.0, "percent_covered_display": "0", "missing_lines": 6, "excluded_lines": 0, "percent_statements_covered": 0.0, "percent_statements_covered_display": "0"}, "missing_lines": [133, 134, 135, 137, 143, 144], "excluded_lines": [], "start_line": 127}, "JobTracer.finish_span": {"executed_lines": [], "summary": {"covered_lines": 0, "num_statements": 3, "percent_covered": 0.0, "percent_covered_display": "0", "missing_lines": 3, "excluded_lines": 0, "percent_statements_covered": 0.0, "percent_statements_covered_display": "0"}, "missing_lines": [148, 149, 150], "excluded_lines": [], "start_line": 146}, "JobTracer.trace": {"executed_lines": [], "summary": {"covered_lines": 0, "num_statements": 8, "percent_covered": 0.0, "percent_covered_display": "0", "missing_lines": 8, "excluded_lines": 0, "percent_statements_covered": 0.0, "percent_statements_covered_display": "0"}, "missing_lines": [162, 163, 164, 165, 166, 167, 168, 170], "excluded_lines": [], "start_line": 156}, "record_simulation_metrics": {"executed_lines": [], "summary": {"covered_lines": 0, "num_statements": 2, "percent_covered": 0.0, "percent_covered_display": "0", "missing_lines": 2, "excluded_lines": 0, "percent_statements_covered": 0.0, "percent_statements_covered_display": "0"}, "missing_lines": [180, 185], "excluded_lines": [], "start_line": 173}, "record_invariant_violation": {"executed_lines": [], "summary": {"covered_lines": 0, "num_statements": 1, "percent_covered": 0.0, "percent_covered_display": "0", "missing_lines": 1, "excluded_lines": 0, "percent_statements_covered": 0.0, "percent_statements_covered_display": "0"}, "missing_lines": [194], "excluded_lines": [], "start_line": 192}, "record_cache_hit": {"executed_lines": [], "summary": {"covered_lines": 0, "num_statements": 1, "percent_covered": 0.0, "percent_covered_display": "0", "missing_lines": 1, "excluded_lines": 0, "percent_statements_covered": 0.0, "percent_statements_covered_display": "0"}, "missing_lines": [202], "excluded_lines": [], "start_line": 200}, "record_cache_miss": {"executed_lines": [], "summary": {"covered_lines": 0, "num_statements": 1, "percent_covered": 0.0, "percent_covered_display": "0", "missing_lines": 1, "excluded_lines": 0, "percent_statements_covered": 0.0, "percent_statements_covered_display": "0"}, "missing_lines": [207], "excluded_lines": [], "start_line": 205}, "record_artifact_size": {"executed_lines": [], "summary": {"covered_lines": 0, "num_statements": 1, "percent_covered": 0.0, "percent_covered_display": "0", "missing_lines": 1, "excluded_lines": 0, "percent_statements_covered": 0.0, "percent_statements_covered_display": "0"}, "missing_lines": [212], "excluded_lines": [], "start_line": 210}, "increment_active_simulations": {"executed_lines": [], "summary": {"covered_lines": 0, "num_statements": 1, "percent_covered": 0.0, "percent_covered_display": "0", "missing_lines": 1, "excluded_lines": 0, "percent_statements_covered": 0.0, "percent_statements_covered_display": "0"}, "missing_lines": [217], "excluded_lines": [], "start_line": 215}, "decrement_active_simulations": {"executed_lines": [], "summary": {"covered_lines": 0, "num_statements": 1, "percent_covered": 0.0, "percent_covered_display": "0", "missing_lines": 1, "excluded_lines": 0, "percent_statements_covered": 0.0, "percent_statements_covered_display": "0"}, "missing_lines": [222], "excluded_lines": [], "start_line": 220}, "get_tracer": {"executed_lines": [], "summary": {"covered_lines": 0, "num_statements": 3, "percent_covered": 0.0, "percent_covered_display": "0", "missing_lines": 3, "excluded_lines": 0, "percent_statements_covered": 0.0, "percent_statements_covered_display": "0"}, "missing_lines": [232, 233, 234], "excluded_lines": [], "start_line": 229}, "": {"executed_lines": [2, 4, 5, 6, 7, 8, 9, 10, 12, 14, 17, 24, 30, 36, 42, 48, 54, 62, 63, 66, 67, 68, 69, 70, 71, 72, 73, 75, 84, 87, 90, 91, 95, 109, 112, 115, 127, 146, 155, 156, 173, 192, 200, 205, 210, 215, 220, 226, 229], "summary": {"covered_lines": 49, "num_statements": 49, "percent_covered": 100.0, "percent_covered_display": "100", "missing_lines": 0, "excluded_lines": 0, "percent_statements_covered": 100.0, "percent_statements_covered_display": "100"}, "missing_lines": [], "excluded_lines": [], "start_line": 1}}, "classes": {"SpanContext": {"executed_lines": [], "summary": {"covered_lines": 0, "num_statements": 6, "percent_covered": 0.0, "percent_covered_display": "0", "missing_lines": 6, "excluded_lines": 0, "percent_statements_covered": 0.0, "percent_statements_covered_display": "0"}, "missing_lines": [76, 85, 88, 92, 93, 96], "excluded_lines": [], "start_line": 63}, "JobTracer": {"executed_lines": [], "summary": {"covered_lines": 0, "num_statements": 23, "percent_covered": 0.0, "percent_covered_display": "0", "missing_lines": 23, "excluded_lines": 0, "percent_statements_covered": 0.0, "percent_statements_covered_display": "0"}, "missing_lines": [113, 117, 118, 119, 124, 125, 133, 134, 135, 137, 143, 144, 148, 149, 150, 162, 163, 164, 165, 166, 167, 168, 170], "excluded_lines": [], "start_line": 109}, "": {"executed_lines": [2, 4, 5, 6, 7, 8, 9, 10, 12, 14, 17, 24, 30, 36, 42, 48, 54, 62, 63, 66, 67, 68, 69, 70, 71, 72, 73, 75, 84, 87, 90, 91, 95, 109, 112, 115, 127, 146, 155, 156, 173, 192, 200, 205, 210, 215, 220, 226, 229], "summary": {"covered_lines": 49, "num_statements": 60, "percent_covered": 81.66666666666667, "percent_covered_display": "82", "missing_lines": 11, "excluded_lines": 0, "percent_statements_covered": 81.66666666666667, "percent_statements_covered_display": "82"}, "missing_lines": [180, 185, 194, 202, 207, 212, 217, 222, 232, 233, 234], "excluded_lines": [], "start_line": 1}}}}, "totals": {"covered_lines": 4381, "num_statements": 7796, "percent_covered": 56.195484864032835, "percent_covered_display": "56", "missing_lines": 3415, "excluded_lines": 22, "percent_statements_covered": 56.195484864032835, "percent_statements_covered_display": "56"}}